---------------------------------------------------------------
[ 2018-08-01T14:04:49+08:00 ] 127.0.0.1 GET /
[ info ] qy.me/ [运行时间：0.540607s][吞吐率：1.85req/s] [内存消耗：3,351.66kb] [文件加载：93]
[ info ] [ LANG ] I:\Project\WebServer\www\project\Enterprise\thinkphp\lang\zh-cn.php
[ info ] [ ROUTE ] array (
)
[ info ] [ HEADER ] array (
  'host' => 'qy.me',
  'connection' => 'keep-alive',
  'upgrade-insecure-requests' => '1',
  'user-agent' => 'Mozilla/5.0 (Windows NT 10.0; Win64; x64) AppleWebKit/537.36 (KHTML, like Gecko) Chrome/67.0.3396.99 Safari/537.36',
  'dnt' => '1',
  'accept' => 'text/html,application/xhtml+xml,application/xml;q=0.9,image/webp,image/apng,*/*;q=0.8',
  'accept-encoding' => 'gzip, deflate',
  'accept-language' => 'zh-CN,zh;q=0.9,en-AS;q=0.8,en-US;q=0.7,en-AU;q=0.6,en-XA;q=0.5,en;q=0.4',
)
[ info ] [ PARAM ] array (
)
[ info ] [ DB ] INIT mysql
[ info ] [ VIEW ] I:\Project\WebServer\www\project\Enterprise\application\index\view\index\index.html [ array (
  0 => 'webInfo',
  1 => 'contact',
  2 => 'link',
  3 => 'GoodsClassLists',
  4 => 'NewsClassLists',
  5 => 'CasesClassLists',
  6 => 'NewsInfos',
  7 => 'CooperateLists',
  8 => 'ScopeLists',
  9 => 'AboutLists',
  10 => 'GoodsInfoLists',
  11 => 'CaseInfoLists',
) ]
[ sql ] [ DB ] CONNECT:[ UseTime:0.021499s ] mysql:host=127.0.0.1;dbname=qy;charset=utf8
[ sql ] [ SQL ] SHOW COLUMNS FROM `qy_webinfo` [ RunTime:0.056105s ]
[ sql ] [ SQL ] SELECT * FROM `qy_webinfo` WHERE  `id` = 1 LIMIT 1 [ RunTime:0.006740s ]
[ sql ] [ SQL ] SHOW COLUMNS FROM `qy_contact` [ RunTime:0.006448s ]
[ sql ] [ SQL ] SELECT * FROM `qy_contact` WHERE  `id` = 1 LIMIT 1 [ RunTime:0.014733s ]
[ sql ] [ SQL ] SHOW COLUMNS FROM `qy_link` [ RunTime:0.015016s ]
[ sql ] [ SQL ] SELECT * FROM `qy_link` [ RunTime:0.000609s ]
[ sql ] [ SQL ] SHOW COLUMNS FROM `qy_goodsclass` [ RunTime:0.011852s ]
[ sql ] [ SQL ] SELECT * FROM `qy_goodsclass` [ RunTime:0.000563s ]
[ sql ] [ SQL ] SHOW COLUMNS FROM `qy_newsclass` [ RunTime:0.008557s ]
[ sql ] [ SQL ] SELECT * FROM `qy_newsclass` [ RunTime:0.000394s ]
[ sql ] [ SQL ] SHOW COLUMNS FROM `qy_caseclass` [ RunTime:0.007991s ]
[ sql ] [ SQL ] SELECT * FROM `qy_caseclass` [ RunTime:0.000432s ]
[ sql ] [ SQL ] SHOW COLUMNS FROM `qy_newsinfo` [ RunTime:0.007526s ]
[ sql ] [ SQL ] SELECT * FROM `qy_newsinfo` [ RunTime:0.000417s ]
[ sql ] [ SQL ] SHOW COLUMNS FROM `qy_cooperate` [ RunTime:0.006593s ]
[ sql ] [ SQL ] SELECT * FROM `qy_cooperate` [ RunTime:0.000593s ]
[ sql ] [ SQL ] SHOW COLUMNS FROM `qy_scope` [ RunTime:0.006987s ]
[ sql ] [ SQL ] SELECT * FROM `qy_scope` [ RunTime:0.000275s ]
[ sql ] [ SQL ] SHOW COLUMNS FROM `qy_about` [ RunTime:0.008109s ]
[ sql ] [ SQL ] SELECT * FROM `qy_about` [ RunTime:0.000312s ]
[ sql ] [ SQL ] SHOW COLUMNS FROM `qy_goodsinfo` [ RunTime:0.006843s ]
[ sql ] [ SQL ] SELECT * FROM `qy_goodsinfo` [ RunTime:0.000516s ]
[ sql ] [ SQL ] SHOW COLUMNS FROM `qy_caseinfo` [ RunTime:0.007179s ]
[ sql ] [ SQL ] SELECT COUNT(*) AS tp_count FROM `qy_caseinfo` LIMIT 1 [ RunTime:0.001684s ]
[ sql ] [ SQL ] SELECT * FROM `qy_caseinfo` ORDER BY `create_time` DESC LIMIT 0,8 [ RunTime:0.001312s ]
---------------------------------------------------------------
[ 2018-08-01T14:04:49+08:00 ] 127.0.0.1 GET /static/index/images/default/1.jpg
[ info ] qy.me/static/index/images/default/1.jpg [运行时间：0.079364s][吞吐率：12.60req/s] [内存消耗：1,271.87kb] [文件加载：55]
[ info ] [ LANG ] I:\Project\WebServer\www\project\Enterprise\thinkphp\lang\zh-cn.php
---------------------------------------------------------------
[ 2018-08-01T14:04:50+08:00 ] 127.0.0.1 GET /static/index/images/default/3.jpg
[ info ] qy.me/static/index/images/default/3.jpg [运行时间：0.030689s][吞吐率：32.58req/s] [内存消耗：1,271.87kb] [文件加载：55]
[ info ] [ LANG ] I:\Project\WebServer\www\project\Enterprise\thinkphp\lang\zh-cn.php
---------------------------------------------------------------
[ 2018-08-01T14:04:50+08:00 ] 127.0.0.1 GET /static/index/images/default/2.jpg
[ info ] qy.me/static/index/images/default/2.jpg [运行时间：0.040915s][吞吐率：24.44req/s] [内存消耗：1,271.87kb] [文件加载：55]
[ info ] [ LANG ] I:\Project\WebServer\www\project\Enterprise\thinkphp\lang\zh-cn.php
---------------------------------------------------------------
[ 2018-08-01T14:04:53+08:00 ] 127.0.0.1 GET /index/product/index.html
[ info ] qy.me/index/product/index.html [运行时间：0.102761s][吞吐率：9.73req/s] [内存消耗：3,143.11kb] [文件加载：86]
[ info ] [ LANG ] I:\Project\WebServer\www\project\Enterprise\thinkphp\lang\zh-cn.php
[ info ] [ ROUTE ] array (
)
[ info ] [ HEADER ] array (
  'host' => 'qy.me',
  'connection' => 'keep-alive',
  'upgrade-insecure-requests' => '1',
  'dnt' => '1',
  'user-agent' => 'Mozilla/5.0 (Windows NT 10.0; Win64; x64) AppleWebKit/537.36 (KHTML, like Gecko) Chrome/67.0.3396.99 Safari/537.36',
  'accept' => 'text/html,application/xhtml+xml,application/xml;q=0.9,image/webp,image/apng,*/*;q=0.8',
  'referer' => 'http://qy.me/',
  'accept-encoding' => 'gzip, deflate',
  'accept-language' => 'zh-CN,zh;q=0.9,en-AS;q=0.8,en-US;q=0.7,en-AU;q=0.6,en-XA;q=0.5,en;q=0.4',
  'cookie' => 'thinkphp_show_page_trace=0|0; Hm_lvt_5a0192f8207da980c77f112b59310c12=1533103491; Hm_lpvt_5a0192f8207da980c77f112b59310c12=1533103491',
)
[ info ] [ PARAM ] array (
)
[ info ] [ DB ] INIT mysql
[ info ] [ VIEW ] I:\Project\WebServer\www\project\Enterprise\application\index\view\product\index.html [ array (
  0 => 'webInfo',
  1 => 'contact',
  2 => 'link',
  3 => 'GoodsClassLists',
  4 => 'NewsClassLists',
  5 => 'CasesClassLists',
  6 => 'NewsInfos',
) ]
[ sql ] [ DB ] CONNECT:[ UseTime:0.010864s ] mysql:host=127.0.0.1;dbname=qy;charset=utf8
[ sql ] [ SQL ] SHOW COLUMNS FROM `qy_webinfo` [ RunTime:0.001371s ]
[ sql ] [ SQL ] SELECT * FROM `qy_webinfo` WHERE  `id` = 1 LIMIT 1 [ RunTime:0.000422s ]
[ sql ] [ SQL ] SHOW COLUMNS FROM `qy_contact` [ RunTime:0.001091s ]
[ sql ] [ SQL ] SELECT * FROM `qy_contact` WHERE  `id` = 1 LIMIT 1 [ RunTime:0.000325s ]
[ sql ] [ SQL ] SHOW COLUMNS FROM `qy_link` [ RunTime:0.001629s ]
[ sql ] [ SQL ] SELECT * FROM `qy_link` [ RunTime:0.000432s ]
[ sql ] [ SQL ] SHOW COLUMNS FROM `qy_goodsclass` [ RunTime:0.001263s ]
[ sql ] [ SQL ] SELECT * FROM `qy_goodsclass` [ RunTime:0.000238s ]
[ sql ] [ SQL ] SHOW COLUMNS FROM `qy_newsclass` [ RunTime:0.001003s ]
[ sql ] [ SQL ] SELECT * FROM `qy_newsclass` [ RunTime:0.000290s ]
[ sql ] [ SQL ] SHOW COLUMNS FROM `qy_caseclass` [ RunTime:0.001207s ]
[ sql ] [ SQL ] SELECT * FROM `qy_caseclass` [ RunTime:0.000245s ]
[ sql ] [ SQL ] SHOW COLUMNS FROM `qy_newsinfo` [ RunTime:0.001017s ]
[ sql ] [ SQL ] SELECT * FROM `qy_newsinfo` [ RunTime:0.000268s ]
---------------------------------------------------------------
[ 2018-08-01T14:04:53+08:00 ] 127.0.0.1 GET /static/index/images/default/1.jpg
[ info ] qy.me/static/index/images/default/1.jpg [运行时间：0.036699s][吞吐率：27.25req/s] [内存消耗：1,272.39kb] [文件加载：55]
[ info ] [ LANG ] I:\Project\WebServer\www\project\Enterprise\thinkphp\lang\zh-cn.php
---------------------------------------------------------------
[ 2018-08-01T14:04:53+08:00 ] 127.0.0.1 GET /static/index/images/default/2.jpg
[ info ] qy.me/static/index/images/default/2.jpg [运行时间：0.048578s][吞吐率：20.59req/s] [内存消耗：1,272.39kb] [文件加载：55]
[ info ] [ LANG ] I:\Project\WebServer\www\project\Enterprise\thinkphp\lang\zh-cn.php
---------------------------------------------------------------
[ 2018-08-01T14:04:53+08:00 ] 127.0.0.1 GET /static/index/images/default/3.jpg
[ info ] qy.me/static/index/images/default/3.jpg [运行时间：0.031034s][吞吐率：32.22req/s] [内存消耗：1,272.39kb] [文件加载：55]
[ info ] [ LANG ] I:\Project\WebServer\www\project\Enterprise\thinkphp\lang\zh-cn.php
---------------------------------------------------------------
[ 2018-08-01T14:04:54+08:00 ] 127.0.0.1 GET /index/news/index.html
[ info ] qy.me/index/news/index.html [运行时间：0.210968s][吞吐率：4.74req/s] [内存消耗：3,141.16kb] [文件加载：86]
[ info ] [ LANG ] I:\Project\WebServer\www\project\Enterprise\thinkphp\lang\zh-cn.php
[ info ] [ ROUTE ] array (
)
[ info ] [ HEADER ] array (
  'host' => 'qy.me',
  'connection' => 'keep-alive',
  'upgrade-insecure-requests' => '1',
  'dnt' => '1',
  'user-agent' => 'Mozilla/5.0 (Windows NT 10.0; Win64; x64) AppleWebKit/537.36 (KHTML, like Gecko) Chrome/67.0.3396.99 Safari/537.36',
  'accept' => 'text/html,application/xhtml+xml,application/xml;q=0.9,image/webp,image/apng,*/*;q=0.8',
  'referer' => 'http://qy.me/index/product/index.html',
  'accept-encoding' => 'gzip, deflate',
  'accept-language' => 'zh-CN,zh;q=0.9,en-AS;q=0.8,en-US;q=0.7,en-AU;q=0.6,en-XA;q=0.5,en;q=0.4',
  'cookie' => 'thinkphp_show_page_trace=0|0; Hm_lvt_5a0192f8207da980c77f112b59310c12=1533103491; Hm_lpvt_5a0192f8207da980c77f112b59310c12=1533103494',
)
[ info ] [ PARAM ] array (
)
[ info ] [ DB ] INIT mysql
[ info ] [ VIEW ] I:\Project\WebServer\www\project\Enterprise\application\index\view\news\index.html [ array (
  0 => 'webInfo',
  1 => 'contact',
  2 => 'link',
  3 => 'GoodsClassLists',
  4 => 'NewsClassLists',
  5 => 'CasesClassLists',
  6 => 'NewsInfos',
) ]
[ sql ] [ DB ] CONNECT:[ UseTime:0.012093s ] mysql:host=127.0.0.1;dbname=qy;charset=utf8
[ sql ] [ SQL ] SHOW COLUMNS FROM `qy_webinfo` [ RunTime:0.004483s ]
[ sql ] [ SQL ] SELECT * FROM `qy_webinfo` WHERE  `id` = 1 LIMIT 1 [ RunTime:0.001225s ]
[ sql ] [ SQL ] SHOW COLUMNS FROM `qy_contact` [ RunTime:0.004527s ]
[ sql ] [ SQL ] SELECT * FROM `qy_contact` WHERE  `id` = 1 LIMIT 1 [ RunTime:0.001251s ]
[ sql ] [ SQL ] SHOW COLUMNS FROM `qy_link` [ RunTime:0.004838s ]
[ sql ] [ SQL ] SELECT * FROM `qy_link` [ RunTime:0.000912s ]
[ sql ] [ SQL ] SHOW COLUMNS FROM `qy_goodsclass` [ RunTime:0.004124s ]
[ sql ] [ SQL ] SELECT * FROM `qy_goodsclass` [ RunTime:0.000843s ]
[ sql ] [ SQL ] SHOW COLUMNS FROM `qy_newsclass` [ RunTime:0.005021s ]
[ sql ] [ SQL ] SELECT * FROM `qy_newsclass` [ RunTime:0.000928s ]
[ sql ] [ SQL ] SHOW COLUMNS FROM `qy_caseclass` [ RunTime:0.004008s ]
[ sql ] [ SQL ] SELECT * FROM `qy_caseclass` [ RunTime:0.000977s ]
[ sql ] [ SQL ] SHOW COLUMNS FROM `qy_newsinfo` [ RunTime:0.005004s ]
[ sql ] [ SQL ] SELECT * FROM `qy_newsinfo` [ RunTime:0.001177s ]
---------------------------------------------------------------
[ 2018-08-01T14:04:54+08:00 ] 127.0.0.1 GET /static/index/images/default/2.jpg
[ info ] qy.me/static/index/images/default/2.jpg [运行时间：0.031689s][吞吐率：31.56req/s] [内存消耗：1,272.39kb] [文件加载：55]
[ info ] [ LANG ] I:\Project\WebServer\www\project\Enterprise\thinkphp\lang\zh-cn.php
---------------------------------------------------------------
[ 2018-08-01T14:04:54+08:00 ] 127.0.0.1 GET /static/index/images/default/1.jpg
[ info ] qy.me/static/index/images/default/1.jpg [运行时间：0.041699s][吞吐率：23.98req/s] [内存消耗：1,272.39kb] [文件加载：55]
[ info ] [ LANG ] I:\Project\WebServer\www\project\Enterprise\thinkphp\lang\zh-cn.php
---------------------------------------------------------------
[ 2018-08-01T14:04:54+08:00 ] 127.0.0.1 GET /static/index/images/default/3.jpg
[ info ] qy.me/static/index/images/default/3.jpg [运行时间：0.022050s][吞吐率：45.35req/s] [内存消耗：1,272.39kb] [文件加载：55]
[ info ] [ LANG ] I:\Project\WebServer\www\project\Enterprise\thinkphp\lang\zh-cn.php
---------------------------------------------------------------
[ 2018-08-01T14:04:55+08:00 ] 127.0.0.1 GET /index/cases/index.html
[ info ] qy.me/index/cases/index.html [运行时间：0.145888s][吞吐率：6.85req/s] [内存消耗：3,143.13kb] [文件加载：86]
[ info ] [ LANG ] I:\Project\WebServer\www\project\Enterprise\thinkphp\lang\zh-cn.php
[ info ] [ ROUTE ] array (
)
[ info ] [ HEADER ] array (
  'host' => 'qy.me',
  'connection' => 'keep-alive',
  'upgrade-insecure-requests' => '1',
  'dnt' => '1',
  'user-agent' => 'Mozilla/5.0 (Windows NT 10.0; Win64; x64) AppleWebKit/537.36 (KHTML, like Gecko) Chrome/67.0.3396.99 Safari/537.36',
  'accept' => 'text/html,application/xhtml+xml,application/xml;q=0.9,image/webp,image/apng,*/*;q=0.8',
  'referer' => 'http://qy.me/index/news/index.html',
  'accept-encoding' => 'gzip, deflate',
  'accept-language' => 'zh-CN,zh;q=0.9,en-AS;q=0.8,en-US;q=0.7,en-AU;q=0.6,en-XA;q=0.5,en;q=0.4',
  'cookie' => 'thinkphp_show_page_trace=0|0; Hm_lvt_5a0192f8207da980c77f112b59310c12=1533103491; Hm_lpvt_5a0192f8207da980c77f112b59310c12=1533103495',
)
[ info ] [ PARAM ] array (
)
[ info ] [ DB ] INIT mysql
[ info ] [ VIEW ] I:\Project\WebServer\www\project\Enterprise\application\index\view\cases\index.html [ array (
  0 => 'webInfo',
  1 => 'contact',
  2 => 'link',
  3 => 'GoodsClassLists',
  4 => 'NewsClassLists',
  5 => 'CasesClassLists',
  6 => 'NewsInfos',
) ]
[ sql ] [ DB ] CONNECT:[ UseTime:0.011249s ] mysql:host=127.0.0.1;dbname=qy;charset=utf8
[ sql ] [ SQL ] SHOW COLUMNS FROM `qy_webinfo` [ RunTime:0.001506s ]
[ sql ] [ SQL ] SELECT * FROM `qy_webinfo` WHERE  `id` = 1 LIMIT 1 [ RunTime:0.000443s ]
[ sql ] [ SQL ] SHOW COLUMNS FROM `qy_contact` [ RunTime:0.001171s ]
[ sql ] [ SQL ] SELECT * FROM `qy_contact` WHERE  `id` = 1 LIMIT 1 [ RunTime:0.000412s ]
[ sql ] [ SQL ] SHOW COLUMNS FROM `qy_link` [ RunTime:0.001170s ]
[ sql ] [ SQL ] SELECT * FROM `qy_link` [ RunTime:0.000386s ]
[ sql ] [ SQL ] SHOW COLUMNS FROM `qy_goodsclass` [ RunTime:0.002318s ]
[ sql ] [ SQL ] SELECT * FROM `qy_goodsclass` [ RunTime:0.000461s ]
[ sql ] [ SQL ] SHOW COLUMNS FROM `qy_newsclass` [ RunTime:0.001150s ]
[ sql ] [ SQL ] SELECT * FROM `qy_newsclass` [ RunTime:0.000355s ]
[ sql ] [ SQL ] SHOW COLUMNS FROM `qy_caseclass` [ RunTime:0.001203s ]
[ sql ] [ SQL ] SELECT * FROM `qy_caseclass` [ RunTime:0.000338s ]
[ sql ] [ SQL ] SHOW COLUMNS FROM `qy_newsinfo` [ RunTime:0.001302s ]
[ sql ] [ SQL ] SELECT * FROM `qy_newsinfo` [ RunTime:0.000356s ]
---------------------------------------------------------------
[ 2018-08-01T14:04:55+08:00 ] 127.0.0.1 GET /static/index/images/default/1.jpg
[ info ] qy.me/static/index/images/default/1.jpg [运行时间：0.031844s][吞吐率：31.40req/s] [内存消耗：1,272.39kb] [文件加载：55]
[ info ] [ LANG ] I:\Project\WebServer\www\project\Enterprise\thinkphp\lang\zh-cn.php
---------------------------------------------------------------
[ 2018-08-01T14:04:55+08:00 ] 127.0.0.1 GET /static/index/images/default/2.jpg
[ info ] qy.me/static/index/images/default/2.jpg [运行时间：0.032093s][吞吐率：31.16req/s] [内存消耗：1,272.39kb] [文件加载：55]
[ info ] [ LANG ] I:\Project\WebServer\www\project\Enterprise\thinkphp\lang\zh-cn.php
---------------------------------------------------------------
[ 2018-08-01T14:04:55+08:00 ] 127.0.0.1 GET /static/index/images/default/3.jpg
[ info ] qy.me/static/index/images/default/3.jpg [运行时间：0.026571s][吞吐率：37.63req/s] [内存消耗：1,272.39kb] [文件加载：55]
[ info ] [ LANG ] I:\Project\WebServer\www\project\Enterprise\thinkphp\lang\zh-cn.php
---------------------------------------------------------------
[ 2018-08-01T14:04:55+08:00 ] 127.0.0.1 GET /static/index/d/file/shocases/vis/2015-12-07/6514caaf145108344c59eab7f0c73f7f.jpg
[ info ] qy.me/static/index/d/file/shocases/vis/2015-12-07/6514caaf145108344c59eab7f0c73f7f.jpg [运行时间：0.028446s][吞吐率：35.15req/s] [内存消耗：1,272.56kb] [文件加载：55]
[ info ] [ LANG ] I:\Project\WebServer\www\project\Enterprise\thinkphp\lang\zh-cn.php
---------------------------------------------------------------
[ 2018-08-01T14:04:55+08:00 ] 127.0.0.1 GET /static/index/d/file/shocases/vis/2015-12-07/b9202a65b8c2272b7cd091d0bd1a32f6.jpg
[ info ] qy.me/static/index/d/file/shocases/vis/2015-12-07/b9202a65b8c2272b7cd091d0bd1a32f6.jpg [运行时间：0.030843s][吞吐率：32.42req/s] [内存消耗：1,272.56kb] [文件加载：55]
[ info ] [ LANG ] I:\Project\WebServer\www\project\Enterprise\thinkphp\lang\zh-cn.php
---------------------------------------------------------------
[ 2018-08-01T14:04:55+08:00 ] 127.0.0.1 GET /static/index/d/file/shocases/ais/2015-12-07/cf0fb9ecedaa82a496b69f34d36cc4ba.jpg
[ info ] qy.me/static/index/d/file/shocases/ais/2015-12-07/cf0fb9ecedaa82a496b69f34d36cc4ba.jpg [运行时间：0.034066s][吞吐率：29.35req/s] [内存消耗：1,272.56kb] [文件加载：55]
[ info ] [ LANG ] I:\Project\WebServer\www\project\Enterprise\thinkphp\lang\zh-cn.php
---------------------------------------------------------------
[ 2018-08-01T14:04:55+08:00 ] 127.0.0.1 GET /static/index/d/file/shocases/add/2015-12-07/efa4456a03cb2c21fb1a49923c8290ab.jpg
[ info ] qy.me/static/index/d/file/shocases/add/2015-12-07/efa4456a03cb2c21fb1a49923c8290ab.jpg [运行时间：0.034302s][吞吐率：29.15req/s] [内存消耗：1,272.56kb] [文件加载：55]
[ info ] [ LANG ] I:\Project\WebServer\www\project\Enterprise\thinkphp\lang\zh-cn.php
---------------------------------------------------------------
[ 2018-08-01T14:04:55+08:00 ] 127.0.0.1 GET /static/index/d/file/shocases/vis/2015-12-07/8d2038ea899feef75fe0563fa3cbc349.jpg
[ info ] qy.me/static/index/d/file/shocases/vis/2015-12-07/8d2038ea899feef75fe0563fa3cbc349.jpg [运行时间：0.037934s][吞吐率：26.36req/s] [内存消耗：1,272.56kb] [文件加载：55]
[ info ] [ LANG ] I:\Project\WebServer\www\project\Enterprise\thinkphp\lang\zh-cn.php
---------------------------------------------------------------
[ 2018-08-01T14:04:55+08:00 ] 127.0.0.1 GET /static/index/d/file/shocases/vis/2015-12-07/fb908aadd2b7d0023f6fcbc630d76e6f.jpg
[ info ] qy.me/static/index/d/file/shocases/vis/2015-12-07/fb908aadd2b7d0023f6fcbc630d76e6f.jpg [运行时间：0.045641s][吞吐率：21.91req/s] [内存消耗：1,272.56kb] [文件加载：55]
[ info ] [ LANG ] I:\Project\WebServer\www\project\Enterprise\thinkphp\lang\zh-cn.php
---------------------------------------------------------------
[ 2018-08-01T14:04:56+08:00 ] 127.0.0.1 GET /index/contact/index.html
[ info ] qy.me/index/contact/index.html [运行时间：0.085024s][吞吐率：11.76req/s] [内存消耗：3,134.13kb] [文件加载：86]
[ info ] [ LANG ] I:\Project\WebServer\www\project\Enterprise\thinkphp\lang\zh-cn.php
[ info ] [ ROUTE ] array (
)
[ info ] [ HEADER ] array (
  'host' => 'qy.me',
  'connection' => 'keep-alive',
  'upgrade-insecure-requests' => '1',
  'dnt' => '1',
  'user-agent' => 'Mozilla/5.0 (Windows NT 10.0; Win64; x64) AppleWebKit/537.36 (KHTML, like Gecko) Chrome/67.0.3396.99 Safari/537.36',
  'accept' => 'text/html,application/xhtml+xml,application/xml;q=0.9,image/webp,image/apng,*/*;q=0.8',
  'referer' => 'http://qy.me/index/cases/index.html',
  'accept-encoding' => 'gzip, deflate',
  'accept-language' => 'zh-CN,zh;q=0.9,en-AS;q=0.8,en-US;q=0.7,en-AU;q=0.6,en-XA;q=0.5,en;q=0.4',
  'cookie' => 'thinkphp_show_page_trace=0|0; Hm_lvt_5a0192f8207da980c77f112b59310c12=1533103491; Hm_lpvt_5a0192f8207da980c77f112b59310c12=1533103496',
)
[ info ] [ PARAM ] array (
)
[ info ] [ DB ] INIT mysql
[ info ] [ VIEW ] I:\Project\WebServer\www\project\Enterprise\application\index\view\contact\index.html [ array (
  0 => 'webInfo',
  1 => 'contact',
  2 => 'link',
  3 => 'GoodsClassLists',
  4 => 'NewsClassLists',
  5 => 'CasesClassLists',
  6 => 'NewsInfos',
) ]
[ sql ] [ DB ] CONNECT:[ UseTime:0.000958s ] mysql:host=127.0.0.1;dbname=qy;charset=utf8
[ sql ] [ SQL ] SHOW COLUMNS FROM `qy_webinfo` [ RunTime:0.001334s ]
[ sql ] [ SQL ] SELECT * FROM `qy_webinfo` WHERE  `id` = 1 LIMIT 1 [ RunTime:0.000388s ]
[ sql ] [ SQL ] SHOW COLUMNS FROM `qy_contact` [ RunTime:0.001225s ]
[ sql ] [ SQL ] SELECT * FROM `qy_contact` WHERE  `id` = 1 LIMIT 1 [ RunTime:0.000278s ]
[ sql ] [ SQL ] SHOW COLUMNS FROM `qy_link` [ RunTime:0.001354s ]
[ sql ] [ SQL ] SELECT * FROM `qy_link` [ RunTime:0.000540s ]
[ sql ] [ SQL ] SHOW COLUMNS FROM `qy_goodsclass` [ RunTime:0.001607s ]
[ sql ] [ SQL ] SELECT * FROM `qy_goodsclass` [ RunTime:0.000223s ]
[ sql ] [ SQL ] SHOW COLUMNS FROM `qy_newsclass` [ RunTime:0.001115s ]
[ sql ] [ SQL ] SELECT * FROM `qy_newsclass` [ RunTime:0.000225s ]
[ sql ] [ SQL ] SHOW COLUMNS FROM `qy_caseclass` [ RunTime:0.001161s ]
[ sql ] [ SQL ] SELECT * FROM `qy_caseclass` [ RunTime:0.000254s ]
[ sql ] [ SQL ] SHOW COLUMNS FROM `qy_newsinfo` [ RunTime:0.001718s ]
[ sql ] [ SQL ] SELECT * FROM `qy_newsinfo` [ RunTime:0.000283s ]
---------------------------------------------------------------
[ 2018-08-01T14:04:56+08:00 ] 127.0.0.1 GET /static/index/images/default/1.jpg
[ info ] qy.me/static/index/images/default/1.jpg [运行时间：0.028746s][吞吐率：34.79req/s] [内存消耗：1,272.39kb] [文件加载：55]
[ info ] [ LANG ] I:\Project\WebServer\www\project\Enterprise\thinkphp\lang\zh-cn.php
---------------------------------------------------------------
[ 2018-08-01T14:04:56+08:00 ] 127.0.0.1 GET /static/index/images/default/2.jpg
[ info ] qy.me/static/index/images/default/2.jpg [运行时间：0.032667s][吞吐率：30.61req/s] [内存消耗：1,272.39kb] [文件加载：55]
[ info ] [ LANG ] I:\Project\WebServer\www\project\Enterprise\thinkphp\lang\zh-cn.php
---------------------------------------------------------------
[ 2018-08-01T14:04:56+08:00 ] 127.0.0.1 GET /static/index/images/default/3.jpg
[ info ] qy.me/static/index/images/default/3.jpg [运行时间：0.022298s][吞吐率：44.85req/s] [内存消耗：1,272.39kb] [文件加载：55]
[ info ] [ LANG ] I:\Project\WebServer\www\project\Enterprise\thinkphp\lang\zh-cn.php
---------------------------------------------------------------
[ 2018-08-01T14:04:56+08:00 ] 127.0.0.1 GET /index/about/index.html
[ info ] qy.me/index/about/index.html [运行时间：0.114863s][吞吐率：8.71req/s] [内存消耗：3,135.13kb] [文件加载：86]
[ info ] [ LANG ] I:\Project\WebServer\www\project\Enterprise\thinkphp\lang\zh-cn.php
[ info ] [ ROUTE ] array (
)
[ info ] [ HEADER ] array (
  'host' => 'qy.me',
  'connection' => 'keep-alive',
  'upgrade-insecure-requests' => '1',
  'dnt' => '1',
  'user-agent' => 'Mozilla/5.0 (Windows NT 10.0; Win64; x64) AppleWebKit/537.36 (KHTML, like Gecko) Chrome/67.0.3396.99 Safari/537.36',
  'accept' => 'text/html,application/xhtml+xml,application/xml;q=0.9,image/webp,image/apng,*/*;q=0.8',
  'referer' => 'http://qy.me/index/contact/index.html',
  'accept-encoding' => 'gzip, deflate',
  'accept-language' => 'zh-CN,zh;q=0.9,en-AS;q=0.8,en-US;q=0.7,en-AU;q=0.6,en-XA;q=0.5,en;q=0.4',
  'cookie' => 'thinkphp_show_page_trace=0|0; Hm_lvt_5a0192f8207da980c77f112b59310c12=1533103491; Hm_lpvt_5a0192f8207da980c77f112b59310c12=1533103496',
)
[ info ] [ PARAM ] array (
)
[ info ] [ DB ] INIT mysql
[ info ] [ VIEW ] I:\Project\WebServer\www\project\Enterprise\application\index\view\about\index.html [ array (
  0 => 'webInfo',
  1 => 'contact',
  2 => 'link',
  3 => 'GoodsClassLists',
  4 => 'NewsClassLists',
  5 => 'CasesClassLists',
  6 => 'NewsInfos',
) ]
[ sql ] [ DB ] CONNECT:[ UseTime:0.000990s ] mysql:host=127.0.0.1;dbname=qy;charset=utf8
[ sql ] [ SQL ] SHOW COLUMNS FROM `qy_webinfo` [ RunTime:0.001724s ]
[ sql ] [ SQL ] SELECT * FROM `qy_webinfo` WHERE  `id` = 1 LIMIT 1 [ RunTime:0.000450s ]
[ sql ] [ SQL ] SHOW COLUMNS FROM `qy_contact` [ RunTime:0.001628s ]
[ sql ] [ SQL ] SELECT * FROM `qy_contact` WHERE  `id` = 1 LIMIT 1 [ RunTime:0.000367s ]
[ sql ] [ SQL ] SHOW COLUMNS FROM `qy_link` [ RunTime:0.001205s ]
[ sql ] [ SQL ] SELECT * FROM `qy_link` [ RunTime:0.000289s ]
[ sql ] [ SQL ] SHOW COLUMNS FROM `qy_goodsclass` [ RunTime:0.001311s ]
[ sql ] [ SQL ] SELECT * FROM `qy_goodsclass` [ RunTime:0.000305s ]
[ sql ] [ SQL ] SHOW COLUMNS FROM `qy_newsclass` [ RunTime:0.001197s ]
[ sql ] [ SQL ] SELECT * FROM `qy_newsclass` [ RunTime:0.000224s ]
[ sql ] [ SQL ] SHOW COLUMNS FROM `qy_caseclass` [ RunTime:0.001081s ]
[ sql ] [ SQL ] SELECT * FROM `qy_caseclass` [ RunTime:0.000187s ]
[ sql ] [ SQL ] SHOW COLUMNS FROM `qy_newsinfo` [ RunTime:0.001212s ]
[ sql ] [ SQL ] SELECT * FROM `qy_newsinfo` [ RunTime:0.000296s ]
---------------------------------------------------------------
[ 2018-08-01T14:04:56+08:00 ] 127.0.0.1 GET /static/index/images/default/1.jpg
[ info ] qy.me/static/index/images/default/1.jpg [运行时间：0.032759s][吞吐率：30.53req/s] [内存消耗：1,272.39kb] [文件加载：55]
[ info ] [ LANG ] I:\Project\WebServer\www\project\Enterprise\thinkphp\lang\zh-cn.php
---------------------------------------------------------------
[ 2018-08-01T14:04:56+08:00 ] 127.0.0.1 GET /static/index/images/default/2.jpg
[ info ] qy.me/static/index/images/default/2.jpg [运行时间：0.031912s][吞吐率：31.34req/s] [内存消耗：1,272.39kb] [文件加载：55]
[ info ] [ LANG ] I:\Project\WebServer\www\project\Enterprise\thinkphp\lang\zh-cn.php
---------------------------------------------------------------
[ 2018-08-01T14:04:56+08:00 ] 127.0.0.1 GET /static/index/images/default/3.jpg
[ info ] qy.me/static/index/images/default/3.jpg [运行时间：0.022246s][吞吐率：44.95req/s] [内存消耗：1,272.39kb] [文件加载：55]
[ info ] [ LANG ] I:\Project\WebServer\www\project\Enterprise\thinkphp\lang\zh-cn.php
---------------------------------------------------------------
[ 2018-08-01T14:04:57+08:00 ] 127.0.0.1 GET /index/message/index.html
[ info ] qy.me/index/message/index.html [运行时间：0.106083s][吞吐率：9.43req/s] [内存消耗：3,139.13kb] [文件加载：86]
[ info ] [ LANG ] I:\Project\WebServer\www\project\Enterprise\thinkphp\lang\zh-cn.php
[ info ] [ ROUTE ] array (
)
[ info ] [ HEADER ] array (
  'host' => 'qy.me',
  'connection' => 'keep-alive',
  'upgrade-insecure-requests' => '1',
  'dnt' => '1',
  'user-agent' => 'Mozilla/5.0 (Windows NT 10.0; Win64; x64) AppleWebKit/537.36 (KHTML, like Gecko) Chrome/67.0.3396.99 Safari/537.36',
  'accept' => 'text/html,application/xhtml+xml,application/xml;q=0.9,image/webp,image/apng,*/*;q=0.8',
  'referer' => 'http://qy.me/index/about/index.html',
  'accept-encoding' => 'gzip, deflate',
  'accept-language' => 'zh-CN,zh;q=0.9,en-AS;q=0.8,en-US;q=0.7,en-AU;q=0.6,en-XA;q=0.5,en;q=0.4',
  'cookie' => 'thinkphp_show_page_trace=0|0; Hm_lvt_5a0192f8207da980c77f112b59310c12=1533103491; Hm_lpvt_5a0192f8207da980c77f112b59310c12=1533103497',
)
[ info ] [ PARAM ] array (
)
[ info ] [ DB ] INIT mysql
[ info ] [ VIEW ] I:\Project\WebServer\www\project\Enterprise\application\index\view\message\index.html [ array (
  0 => 'webInfo',
  1 => 'contact',
  2 => 'link',
  3 => 'GoodsClassLists',
  4 => 'NewsClassLists',
  5 => 'CasesClassLists',
  6 => 'NewsInfos',
) ]
[ sql ] [ DB ] CONNECT:[ UseTime:0.000917s ] mysql:host=127.0.0.1;dbname=qy;charset=utf8
[ sql ] [ SQL ] SHOW COLUMNS FROM `qy_webinfo` [ RunTime:0.001980s ]
[ sql ] [ SQL ] SELECT * FROM `qy_webinfo` WHERE  `id` = 1 LIMIT 1 [ RunTime:0.000528s ]
[ sql ] [ SQL ] SHOW COLUMNS FROM `qy_contact` [ RunTime:0.002247s ]
[ sql ] [ SQL ] SELECT * FROM `qy_contact` WHERE  `id` = 1 LIMIT 1 [ RunTime:0.000569s ]
[ sql ] [ SQL ] SHOW COLUMNS FROM `qy_link` [ RunTime:0.001937s ]
[ sql ] [ SQL ] SELECT * FROM `qy_link` [ RunTime:0.000411s ]
[ sql ] [ SQL ] SHOW COLUMNS FROM `qy_goodsclass` [ RunTime:0.001932s ]
[ sql ] [ SQL ] SELECT * FROM `qy_goodsclass` [ RunTime:0.000422s ]
[ sql ] [ SQL ] SHOW COLUMNS FROM `qy_newsclass` [ RunTime:0.001414s ]
[ sql ] [ SQL ] SELECT * FROM `qy_newsclass` [ RunTime:0.000267s ]
[ sql ] [ SQL ] SHOW COLUMNS FROM `qy_caseclass` [ RunTime:0.001402s ]
[ sql ] [ SQL ] SELECT * FROM `qy_caseclass` [ RunTime:0.000266s ]
[ sql ] [ SQL ] SHOW COLUMNS FROM `qy_newsinfo` [ RunTime:0.001438s ]
[ sql ] [ SQL ] SELECT * FROM `qy_newsinfo` [ RunTime:0.000381s ]
---------------------------------------------------------------
[ 2018-08-01T14:04:57+08:00 ] 127.0.0.1 GET /static/index/images/default/2.jpg
[ info ] qy.me/static/index/images/default/2.jpg [运行时间：0.030722s][吞吐率：32.55req/s] [内存消耗：1,272.39kb] [文件加载：55]
[ info ] [ LANG ] I:\Project\WebServer\www\project\Enterprise\thinkphp\lang\zh-cn.php
---------------------------------------------------------------
[ 2018-08-01T14:04:57+08:00 ] 127.0.0.1 GET /static/index/images/default/1.jpg
[ info ] qy.me/static/index/images/default/1.jpg [运行时间：0.036166s][吞吐率：27.65req/s] [内存消耗：1,272.39kb] [文件加载：55]
[ info ] [ LANG ] I:\Project\WebServer\www\project\Enterprise\thinkphp\lang\zh-cn.php
---------------------------------------------------------------
[ 2018-08-01T14:04:57+08:00 ] 127.0.0.1 GET /static/index/images/default/3.jpg
[ info ] qy.me/static/index/images/default/3.jpg [运行时间：0.035401s][吞吐率：28.25req/s] [内存消耗：1,272.39kb] [文件加载：55]
[ info ] [ LANG ] I:\Project\WebServer\www\project\Enterprise\thinkphp\lang\zh-cn.php
---------------------------------------------------------------
[ 2018-08-01T14:04:57+08:00 ] 127.0.0.1 GET /index/service/index.html
[ info ] qy.me/index/service/index.html [运行时间：0.113413s][吞吐率：8.82req/s] [内存消耗：3,143.13kb] [文件加载：86]
[ info ] [ LANG ] I:\Project\WebServer\www\project\Enterprise\thinkphp\lang\zh-cn.php
[ info ] [ ROUTE ] array (
)
[ info ] [ HEADER ] array (
  'host' => 'qy.me',
  'connection' => 'keep-alive',
  'upgrade-insecure-requests' => '1',
  'dnt' => '1',
  'user-agent' => 'Mozilla/5.0 (Windows NT 10.0; Win64; x64) AppleWebKit/537.36 (KHTML, like Gecko) Chrome/67.0.3396.99 Safari/537.36',
  'accept' => 'text/html,application/xhtml+xml,application/xml;q=0.9,image/webp,image/apng,*/*;q=0.8',
  'referer' => 'http://qy.me/index/message/index.html',
  'accept-encoding' => 'gzip, deflate',
  'accept-language' => 'zh-CN,zh;q=0.9,en-AS;q=0.8,en-US;q=0.7,en-AU;q=0.6,en-XA;q=0.5,en;q=0.4',
  'cookie' => 'thinkphp_show_page_trace=0|0; Hm_lvt_5a0192f8207da980c77f112b59310c12=1533103491; Hm_lpvt_5a0192f8207da980c77f112b59310c12=1533103498',
)
[ info ] [ PARAM ] array (
)
[ info ] [ DB ] INIT mysql
[ info ] [ VIEW ] I:\Project\WebServer\www\project\Enterprise\application\index\view\service\index.html [ array (
  0 => 'webInfo',
  1 => 'contact',
  2 => 'link',
  3 => 'GoodsClassLists',
  4 => 'NewsClassLists',
  5 => 'CasesClassLists',
  6 => 'NewsInfos',
) ]
[ sql ] [ DB ] CONNECT:[ UseTime:0.001338s ] mysql:host=127.0.0.1;dbname=qy;charset=utf8
[ sql ] [ SQL ] SHOW COLUMNS FROM `qy_webinfo` [ RunTime:0.001886s ]
[ sql ] [ SQL ] SELECT * FROM `qy_webinfo` WHERE  `id` = 1 LIMIT 1 [ RunTime:0.001424s ]
[ sql ] [ SQL ] SHOW COLUMNS FROM `qy_contact` [ RunTime:0.001594s ]
[ sql ] [ SQL ] SELECT * FROM `qy_contact` WHERE  `id` = 1 LIMIT 1 [ RunTime:0.000372s ]
[ sql ] [ SQL ] SHOW COLUMNS FROM `qy_link` [ RunTime:0.001336s ]
[ sql ] [ SQL ] SELECT * FROM `qy_link` [ RunTime:0.000250s ]
[ sql ] [ SQL ] SHOW COLUMNS FROM `qy_goodsclass` [ RunTime:0.001937s ]
[ sql ] [ SQL ] SELECT * FROM `qy_goodsclass` [ RunTime:0.000290s ]
[ sql ] [ SQL ] SHOW COLUMNS FROM `qy_newsclass` [ RunTime:0.001667s ]
[ sql ] [ SQL ] SELECT * FROM `qy_newsclass` [ RunTime:0.000366s ]
[ sql ] [ SQL ] SHOW COLUMNS FROM `qy_caseclass` [ RunTime:0.002532s ]
[ sql ] [ SQL ] SELECT * FROM `qy_caseclass` [ RunTime:0.000394s ]
[ sql ] [ SQL ] SHOW COLUMNS FROM `qy_newsinfo` [ RunTime:0.002970s ]
[ sql ] [ SQL ] SELECT * FROM `qy_newsinfo` [ RunTime:0.000380s ]
---------------------------------------------------------------
[ 2018-08-01T14:04:57+08:00 ] 127.0.0.1 GET /static/index/images/default/1.jpg
[ info ] qy.me/static/index/images/default/1.jpg [运行时间：0.032428s][吞吐率：30.84req/s] [内存消耗：1,272.39kb] [文件加载：55]
[ info ] [ LANG ] I:\Project\WebServer\www\project\Enterprise\thinkphp\lang\zh-cn.php
---------------------------------------------------------------
[ 2018-08-01T14:04:57+08:00 ] 127.0.0.1 GET /static/index/images/default/2.jpg
[ info ] qy.me/static/index/images/default/2.jpg [运行时间：0.033656s][吞吐率：29.71req/s] [内存消耗：1,272.39kb] [文件加载：55]
[ info ] [ LANG ] I:\Project\WebServer\www\project\Enterprise\thinkphp\lang\zh-cn.php
---------------------------------------------------------------
[ 2018-08-01T14:04:58+08:00 ] 127.0.0.1 GET /static/index/images/default/3.jpg
[ info ] qy.me/static/index/images/default/3.jpg [运行时间：0.025178s][吞吐率：39.72req/s] [内存消耗：1,272.39kb] [文件加载：55]
[ info ] [ LANG ] I:\Project\WebServer\www\project\Enterprise\thinkphp\lang\zh-cn.php
---------------------------------------------------------------
[ 2018-08-01T14:04:58+08:00 ] 127.0.0.1 GET /index/index/index.html
[ info ] qy.me/index/index/index.html [运行时间：0.092800s][吞吐率：10.78req/s] [内存消耗：3,353.64kb] [文件加载：93]
[ info ] [ LANG ] I:\Project\WebServer\www\project\Enterprise\thinkphp\lang\zh-cn.php
[ info ] [ ROUTE ] array (
)
[ info ] [ HEADER ] array (
  'host' => 'qy.me',
  'connection' => 'keep-alive',
  'upgrade-insecure-requests' => '1',
  'dnt' => '1',
  'user-agent' => 'Mozilla/5.0 (Windows NT 10.0; Win64; x64) AppleWebKit/537.36 (KHTML, like Gecko) Chrome/67.0.3396.99 Safari/537.36',
  'accept' => 'text/html,application/xhtml+xml,application/xml;q=0.9,image/webp,image/apng,*/*;q=0.8',
  'referer' => 'http://qy.me/index/service/index.html',
  'accept-encoding' => 'gzip, deflate',
  'accept-language' => 'zh-CN,zh;q=0.9,en-AS;q=0.8,en-US;q=0.7,en-AU;q=0.6,en-XA;q=0.5,en;q=0.4',
  'cookie' => 'thinkphp_show_page_trace=0|0; Hm_lvt_5a0192f8207da980c77f112b59310c12=1533103491; Hm_lpvt_5a0192f8207da980c77f112b59310c12=1533103498',
)
[ info ] [ PARAM ] array (
)
[ info ] [ DB ] INIT mysql
[ info ] [ VIEW ] I:\Project\WebServer\www\project\Enterprise\application\index\view\index\index.html [ array (
  0 => 'webInfo',
  1 => 'contact',
  2 => 'link',
  3 => 'GoodsClassLists',
  4 => 'NewsClassLists',
  5 => 'CasesClassLists',
  6 => 'NewsInfos',
  7 => 'CooperateLists',
  8 => 'ScopeLists',
  9 => 'AboutLists',
  10 => 'GoodsInfoLists',
  11 => 'CaseInfoLists',
) ]
[ sql ] [ DB ] CONNECT:[ UseTime:0.011264s ] mysql:host=127.0.0.1;dbname=qy;charset=utf8
[ sql ] [ SQL ] SHOW COLUMNS FROM `qy_webinfo` [ RunTime:0.001322s ]
[ sql ] [ SQL ] SELECT * FROM `qy_webinfo` WHERE  `id` = 1 LIMIT 1 [ RunTime:0.000338s ]
[ sql ] [ SQL ] SHOW COLUMNS FROM `qy_contact` [ RunTime:0.001184s ]
[ sql ] [ SQL ] SELECT * FROM `qy_contact` WHERE  `id` = 1 LIMIT 1 [ RunTime:0.000366s ]
[ sql ] [ SQL ] SHOW COLUMNS FROM `qy_link` [ RunTime:0.001246s ]
[ sql ] [ SQL ] SELECT * FROM `qy_link` [ RunTime:0.000370s ]
[ sql ] [ SQL ] SHOW COLUMNS FROM `qy_goodsclass` [ RunTime:0.001306s ]
[ sql ] [ SQL ] SELECT * FROM `qy_goodsclass` [ RunTime:0.000240s ]
[ sql ] [ SQL ] SHOW COLUMNS FROM `qy_newsclass` [ RunTime:0.001176s ]
[ sql ] [ SQL ] SELECT * FROM `qy_newsclass` [ RunTime:0.000279s ]
[ sql ] [ SQL ] SHOW COLUMNS FROM `qy_caseclass` [ RunTime:0.001139s ]
[ sql ] [ SQL ] SELECT * FROM `qy_caseclass` [ RunTime:0.000241s ]
[ sql ] [ SQL ] SHOW COLUMNS FROM `qy_newsinfo` [ RunTime:0.001034s ]
[ sql ] [ SQL ] SELECT * FROM `qy_newsinfo` [ RunTime:0.000257s ]
[ sql ] [ SQL ] SHOW COLUMNS FROM `qy_cooperate` [ RunTime:0.001046s ]
[ sql ] [ SQL ] SELECT * FROM `qy_cooperate` [ RunTime:0.000235s ]
[ sql ] [ SQL ] SHOW COLUMNS FROM `qy_scope` [ RunTime:0.001094s ]
[ sql ] [ SQL ] SELECT * FROM `qy_scope` [ RunTime:0.000223s ]
[ sql ] [ SQL ] SHOW COLUMNS FROM `qy_about` [ RunTime:0.001100s ]
[ sql ] [ SQL ] SELECT * FROM `qy_about` [ RunTime:0.000308s ]
[ sql ] [ SQL ] SHOW COLUMNS FROM `qy_goodsinfo` [ RunTime:0.001212s ]
[ sql ] [ SQL ] SELECT * FROM `qy_goodsinfo` [ RunTime:0.000364s ]
[ sql ] [ SQL ] SHOW COLUMNS FROM `qy_caseinfo` [ RunTime:0.002037s ]
[ sql ] [ SQL ] SELECT COUNT(*) AS tp_count FROM `qy_caseinfo` LIMIT 1 [ RunTime:0.000187s ]
[ sql ] [ SQL ] SELECT * FROM `qy_caseinfo` ORDER BY `create_time` DESC LIMIT 0,8 [ RunTime:0.000350s ]
---------------------------------------------------------------
[ 2018-08-01T14:04:58+08:00 ] 127.0.0.1 GET /static/index/images/default/1.jpg
[ info ] qy.me/static/index/images/default/1.jpg [运行时间：0.035638s][吞吐率：28.06req/s] [内存消耗：1,272.39kb] [文件加载：55]
[ info ] [ LANG ] I:\Project\WebServer\www\project\Enterprise\thinkphp\lang\zh-cn.php
---------------------------------------------------------------
[ 2018-08-01T14:04:58+08:00 ] 127.0.0.1 GET /static/index/images/default/2.jpg
[ info ] qy.me/static/index/images/default/2.jpg [运行时间：0.034840s][吞吐率：28.70req/s] [内存消耗：1,272.39kb] [文件加载：55]
[ info ] [ LANG ] I:\Project\WebServer\www\project\Enterprise\thinkphp\lang\zh-cn.php
---------------------------------------------------------------
[ 2018-08-01T14:04:58+08:00 ] 127.0.0.1 GET /static/index/images/default/3.jpg
[ info ] qy.me/static/index/images/default/3.jpg [运行时间：0.037220s][吞吐率：26.87req/s] [内存消耗：1,272.39kb] [文件加载：55]
[ info ] [ LANG ] I:\Project\WebServer\www\project\Enterprise\thinkphp\lang\zh-cn.php
---------------------------------------------------------------
[ 2018-08-01T14:04:59+08:00 ] 127.0.0.1 GET /index/product/index.html
[ info ] qy.me/index/product/index.html [运行时间：0.076279s][吞吐率：13.11req/s] [内存消耗：3,143.16kb] [文件加载：86]
[ info ] [ LANG ] I:\Project\WebServer\www\project\Enterprise\thinkphp\lang\zh-cn.php
[ info ] [ ROUTE ] array (
)
[ info ] [ HEADER ] array (
  'host' => 'qy.me',
  'connection' => 'keep-alive',
  'upgrade-insecure-requests' => '1',
  'dnt' => '1',
  'user-agent' => 'Mozilla/5.0 (Windows NT 10.0; Win64; x64) AppleWebKit/537.36 (KHTML, like Gecko) Chrome/67.0.3396.99 Safari/537.36',
  'accept' => 'text/html,application/xhtml+xml,application/xml;q=0.9,image/webp,image/apng,*/*;q=0.8',
  'referer' => 'http://qy.me/index/index/index.html',
  'accept-encoding' => 'gzip, deflate',
  'accept-language' => 'zh-CN,zh;q=0.9,en-AS;q=0.8,en-US;q=0.7,en-AU;q=0.6,en-XA;q=0.5,en;q=0.4',
  'cookie' => 'thinkphp_show_page_trace=0|0; thinkphp_show_page_trace=0|0; Hm_lvt_5a0192f8207da980c77f112b59310c12=1533103491; Hm_lpvt_5a0192f8207da980c77f112b59310c12=1533103499',
)
[ info ] [ PARAM ] array (
)
[ info ] [ DB ] INIT mysql
[ info ] [ VIEW ] I:\Project\WebServer\www\project\Enterprise\application\index\view\product\index.html [ array (
  0 => 'webInfo',
  1 => 'contact',
  2 => 'link',
  3 => 'GoodsClassLists',
  4 => 'NewsClassLists',
  5 => 'CasesClassLists',
  6 => 'NewsInfos',
) ]
[ sql ] [ DB ] CONNECT:[ UseTime:0.011579s ] mysql:host=127.0.0.1;dbname=qy;charset=utf8
[ sql ] [ SQL ] SHOW COLUMNS FROM `qy_webinfo` [ RunTime:0.001509s ]
[ sql ] [ SQL ] SELECT * FROM `qy_webinfo` WHERE  `id` = 1 LIMIT 1 [ RunTime:0.000593s ]
[ sql ] [ SQL ] SHOW COLUMNS FROM `qy_contact` [ RunTime:0.001518s ]
[ sql ] [ SQL ] SELECT * FROM `qy_contact` WHERE  `id` = 1 LIMIT 1 [ RunTime:0.000426s ]
[ sql ] [ SQL ] SHOW COLUMNS FROM `qy_link` [ RunTime:0.001126s ]
[ sql ] [ SQL ] SELECT * FROM `qy_link` [ RunTime:0.000401s ]
[ sql ] [ SQL ] SHOW COLUMNS FROM `qy_goodsclass` [ RunTime:0.001142s ]
[ sql ] [ SQL ] SELECT * FROM `qy_goodsclass` [ RunTime:0.000389s ]
[ sql ] [ SQL ] SHOW COLUMNS FROM `qy_newsclass` [ RunTime:0.001273s ]
[ sql ] [ SQL ] SELECT * FROM `qy_newsclass` [ RunTime:0.000265s ]
[ sql ] [ SQL ] SHOW COLUMNS FROM `qy_caseclass` [ RunTime:0.001226s ]
[ sql ] [ SQL ] SELECT * FROM `qy_caseclass` [ RunTime:0.000363s ]
[ sql ] [ SQL ] SHOW COLUMNS FROM `qy_newsinfo` [ RunTime:0.001152s ]
[ sql ] [ SQL ] SELECT * FROM `qy_newsinfo` [ RunTime:0.000378s ]
---------------------------------------------------------------
[ 2018-08-01T14:04:59+08:00 ] 127.0.0.1 GET /static/index/images/default/1.jpg
[ info ] qy.me/static/index/images/default/1.jpg [运行时间：0.031356s][吞吐率：31.89req/s] [内存消耗：1,272.39kb] [文件加载：55]
[ info ] [ LANG ] I:\Project\WebServer\www\project\Enterprise\thinkphp\lang\zh-cn.php
---------------------------------------------------------------
[ 2018-08-01T14:04:59+08:00 ] 127.0.0.1 GET /static/index/images/default/2.jpg
[ info ] qy.me/static/index/images/default/2.jpg [运行时间：0.035417s][吞吐率：28.23req/s] [内存消耗：1,272.39kb] [文件加载：55]
[ info ] [ LANG ] I:\Project\WebServer\www\project\Enterprise\thinkphp\lang\zh-cn.php
---------------------------------------------------------------
[ 2018-08-01T14:04:59+08:00 ] 127.0.0.1 GET /static/index/images/default/3.jpg
[ info ] qy.me/static/index/images/default/3.jpg [运行时间：0.034859s][吞吐率：28.69req/s] [内存消耗：1,272.39kb] [文件加载：55]
[ info ] [ LANG ] I:\Project\WebServer\www\project\Enterprise\thinkphp\lang\zh-cn.php
---------------------------------------------------------------
[ 2018-08-01T14:05:00+08:00 ] 127.0.0.1 GET /index/index/index.html
[ info ] qy.me/index/index/index.html [运行时间：0.101620s][吞吐率：9.84req/s] [内存消耗：3,353.67kb] [文件加载：93]
[ info ] [ LANG ] I:\Project\WebServer\www\project\Enterprise\thinkphp\lang\zh-cn.php
[ info ] [ ROUTE ] array (
)
[ info ] [ HEADER ] array (
  'host' => 'qy.me',
  'connection' => 'keep-alive',
  'upgrade-insecure-requests' => '1',
  'dnt' => '1',
  'user-agent' => 'Mozilla/5.0 (Windows NT 10.0; Win64; x64) AppleWebKit/537.36 (KHTML, like Gecko) Chrome/67.0.3396.99 Safari/537.36',
  'accept' => 'text/html,application/xhtml+xml,application/xml;q=0.9,image/webp,image/apng,*/*;q=0.8',
  'referer' => 'http://qy.me/index/product/index.html',
  'accept-encoding' => 'gzip, deflate',
  'accept-language' => 'zh-CN,zh;q=0.9,en-AS;q=0.8,en-US;q=0.7,en-AU;q=0.6,en-XA;q=0.5,en;q=0.4',
  'cookie' => 'thinkphp_show_page_trace=0|0; thinkphp_show_page_trace=0|0; Hm_lvt_5a0192f8207da980c77f112b59310c12=1533103491; Hm_lpvt_5a0192f8207da980c77f112b59310c12=1533103500',
)
[ info ] [ PARAM ] array (
)
[ info ] [ DB ] INIT mysql
[ info ] [ VIEW ] I:\Project\WebServer\www\project\Enterprise\application\index\view\index\index.html [ array (
  0 => 'webInfo',
  1 => 'contact',
  2 => 'link',
  3 => 'GoodsClassLists',
  4 => 'NewsClassLists',
  5 => 'CasesClassLists',
  6 => 'NewsInfos',
  7 => 'CooperateLists',
  8 => 'ScopeLists',
  9 => 'AboutLists',
  10 => 'GoodsInfoLists',
  11 => 'CaseInfoLists',
) ]
[ sql ] [ DB ] CONNECT:[ UseTime:0.010686s ] mysql:host=127.0.0.1;dbname=qy;charset=utf8
[ sql ] [ SQL ] SHOW COLUMNS FROM `qy_webinfo` [ RunTime:0.001762s ]
[ sql ] [ SQL ] SELECT * FROM `qy_webinfo` WHERE  `id` = 1 LIMIT 1 [ RunTime:0.000556s ]
[ sql ] [ SQL ] SHOW COLUMNS FROM `qy_contact` [ RunTime:0.001879s ]
[ sql ] [ SQL ] SELECT * FROM `qy_contact` WHERE  `id` = 1 LIMIT 1 [ RunTime:0.000612s ]
[ sql ] [ SQL ] SHOW COLUMNS FROM `qy_link` [ RunTime:0.001177s ]
[ sql ] [ SQL ] SELECT * FROM `qy_link` [ RunTime:0.000337s ]
[ sql ] [ SQL ] SHOW COLUMNS FROM `qy_goodsclass` [ RunTime:0.001477s ]
[ sql ] [ SQL ] SELECT * FROM `qy_goodsclass` [ RunTime:0.000391s ]
[ sql ] [ SQL ] SHOW COLUMNS FROM `qy_newsclass` [ RunTime:0.001207s ]
[ sql ] [ SQL ] SELECT * FROM `qy_newsclass` [ RunTime:0.000267s ]
[ sql ] [ SQL ] SHOW COLUMNS FROM `qy_caseclass` [ RunTime:0.001080s ]
[ sql ] [ SQL ] SELECT * FROM `qy_caseclass` [ RunTime:0.000256s ]
[ sql ] [ SQL ] SHOW COLUMNS FROM `qy_newsinfo` [ RunTime:0.001087s ]
[ sql ] [ SQL ] SELECT * FROM `qy_newsinfo` [ RunTime:0.000314s ]
[ sql ] [ SQL ] SHOW COLUMNS FROM `qy_cooperate` [ RunTime:0.001077s ]
[ sql ] [ SQL ] SELECT * FROM `qy_cooperate` [ RunTime:0.000309s ]
[ sql ] [ SQL ] SHOW COLUMNS FROM `qy_scope` [ RunTime:0.001902s ]
[ sql ] [ SQL ] SELECT * FROM `qy_scope` [ RunTime:0.000323s ]
[ sql ] [ SQL ] SHOW COLUMNS FROM `qy_about` [ RunTime:0.002555s ]
[ sql ] [ SQL ] SELECT * FROM `qy_about` [ RunTime:0.000487s ]
[ sql ] [ SQL ] SHOW COLUMNS FROM `qy_goodsinfo` [ RunTime:0.002387s ]
[ sql ] [ SQL ] SELECT * FROM `qy_goodsinfo` [ RunTime:0.000623s ]
[ sql ] [ SQL ] SHOW COLUMNS FROM `qy_caseinfo` [ RunTime:0.002524s ]
[ sql ] [ SQL ] SELECT COUNT(*) AS tp_count FROM `qy_caseinfo` LIMIT 1 [ RunTime:0.000465s ]
[ sql ] [ SQL ] SELECT * FROM `qy_caseinfo` ORDER BY `create_time` DESC LIMIT 0,8 [ RunTime:0.000659s ]
---------------------------------------------------------------
[ 2018-08-01T14:05:00+08:00 ] 127.0.0.1 GET /static/index/images/default/1.jpg
[ info ] qy.me/static/index/images/default/1.jpg [运行时间：0.033851s][吞吐率：29.54req/s] [内存消耗：1,272.39kb] [文件加载：55]
[ info ] [ LANG ] I:\Project\WebServer\www\project\Enterprise\thinkphp\lang\zh-cn.php
---------------------------------------------------------------
[ 2018-08-01T14:05:00+08:00 ] 127.0.0.1 GET /static/index/images/default/2.jpg
[ info ] qy.me/static/index/images/default/2.jpg [运行时间：0.034135s][吞吐率：29.30req/s] [内存消耗：1,272.39kb] [文件加载：55]
[ info ] [ LANG ] I:\Project\WebServer\www\project\Enterprise\thinkphp\lang\zh-cn.php
---------------------------------------------------------------
[ 2018-08-01T14:05:00+08:00 ] 127.0.0.1 GET /static/index/images/default/3.jpg
[ info ] qy.me/static/index/images/default/3.jpg [运行时间：0.035135s][吞吐率：28.46req/s] [内存消耗：1,272.39kb] [文件加载：55]
[ info ] [ LANG ] I:\Project\WebServer\www\project\Enterprise\thinkphp\lang\zh-cn.php
