---------------------------------------------------------------
[ 2018-06-10T20:41:53+08:00 ] 127.0.0.1 GET /
[ info ] qy.me/ [运行时间：0.596218s][吞吐率：1.68req/s] [内存消耗：3,362.06kb] [文件加载：93]
[ info ] [ LANG ] D:\WebServer\www\project\Enterprise\thinkphp\lang\zh-cn.php
[ info ] [ ROUTE ] array (
)
[ info ] [ HEADER ] array (
  'host' => 'qy.me',
  'connection' => 'keep-alive',
  'upgrade-insecure-requests' => '1',
  'user-agent' => 'Mozilla/5.0 (Windows NT 10.0; WOW64) AppleWebKit/537.36 (KHTML, like Gecko) Chrome/66.0.3359.181 Safari/537.36',
  'accept' => 'text/html,application/xhtml+xml,application/xml;q=0.9,image/webp,image/apng,*/*;q=0.8',
  'dnt' => '1',
  'accept-encoding' => 'gzip, deflate',
  'accept-language' => 'zh-CN,zh;q=0.9,en-AS;q=0.8,en-US;q=0.7,en-AU;q=0.6,en-XA;q=0.5,en;q=0.4',
)
[ info ] [ PARAM ] array (
)
[ info ] [ DB ] INIT mysql
[ info ] [ VIEW ] D:\WebServer\www\project\Enterprise\application\index\view\index\index.html [ array (
  0 => 'webInfo',
  1 => 'contact',
  2 => 'link',
  3 => 'GoodsClassLists',
  4 => 'NewsClassLists',
  5 => 'CasesClassLists',
  6 => 'NewsInfos',
  7 => 'CooperateLists',
  8 => 'ScopeLists',
  9 => 'AboutLists',
  10 => 'GoodsInfoLists',
  11 => 'CaseInfoLists',
) ]
[ sql ] [ DB ] CONNECT:[ UseTime:0.012844s ] mysql:host=127.0.0.1;dbname=qy;charset=utf8
[ sql ] [ SQL ] SHOW COLUMNS FROM `qy_webinfo` [ RunTime:0.019248s ]
[ sql ] [ SQL ] SELECT * FROM `qy_webinfo` WHERE  `id` = 1 LIMIT 1 [ RunTime:0.001404s ]
[ sql ] [ SQL ] SHOW COLUMNS FROM `qy_contact` [ RunTime:0.001826s ]
[ sql ] [ SQL ] SELECT * FROM `qy_contact` WHERE  `id` = 1 LIMIT 1 [ RunTime:0.000438s ]
[ sql ] [ SQL ] SHOW COLUMNS FROM `qy_link` [ RunTime:0.001396s ]
[ sql ] [ SQL ] SELECT * FROM `qy_link` [ RunTime:0.000405s ]
[ sql ] [ SQL ] SHOW COLUMNS FROM `qy_goodsclass` [ RunTime:0.003704s ]
[ sql ] [ SQL ] SELECT * FROM `qy_goodsclass` [ RunTime:0.000638s ]
[ sql ] [ SQL ] SHOW COLUMNS FROM `qy_newsclass` [ RunTime:0.001796s ]
[ sql ] [ SQL ] SELECT * FROM `qy_newsclass` [ RunTime:0.000450s ]
[ sql ] [ SQL ] SHOW COLUMNS FROM `qy_caseclass` [ RunTime:0.001832s ]
[ sql ] [ SQL ] SELECT * FROM `qy_caseclass` [ RunTime:0.000402s ]
[ sql ] [ SQL ] SHOW COLUMNS FROM `qy_newsinfo` [ RunTime:0.002822s ]
[ sql ] [ SQL ] SELECT * FROM `qy_newsinfo` [ RunTime:0.000689s ]
[ sql ] [ SQL ] SHOW COLUMNS FROM `qy_cooperate` [ RunTime:0.002596s ]
[ sql ] [ SQL ] SELECT * FROM `qy_cooperate` [ RunTime:0.000503s ]
[ sql ] [ SQL ] SHOW COLUMNS FROM `qy_scope` [ RunTime:0.001962s ]
[ sql ] [ SQL ] SELECT * FROM `qy_scope` [ RunTime:0.000384s ]
[ sql ] [ SQL ] SHOW COLUMNS FROM `qy_about` [ RunTime:0.002611s ]
[ sql ] [ SQL ] SELECT * FROM `qy_about` [ RunTime:0.000304s ]
[ sql ] [ SQL ] SHOW COLUMNS FROM `qy_goodsinfo` [ RunTime:0.001398s ]
[ sql ] [ SQL ] SELECT * FROM `qy_goodsinfo` [ RunTime:0.000389s ]
[ sql ] [ SQL ] SHOW COLUMNS FROM `qy_caseinfo` [ RunTime:0.001821s ]
[ sql ] [ SQL ] SELECT COUNT(*) AS tp_count FROM `qy_caseinfo` LIMIT 1 [ RunTime:0.003764s ]
[ sql ] [ SQL ] SELECT * FROM `qy_caseinfo` ORDER BY `create_time` DESC LIMIT 0,8 [ RunTime:0.000537s ]
