---------------------------------------------------------------
[ 2018-07-22T14:57:16+08:00 ] 127.0.0.1 GET /
[ info ] qy.me/ [运行时间：0.253123s][吞吐率：3.95req/s] [内存消耗：3,535.23kb] [文件加载：95]
[ info ] [ LANG ] I:\Project\WebServer\www\project\Enterprise\thinkphp\lang\zh-cn.php
[ info ] [ ROUTE ] array (
)
[ info ] [ HEADER ] array (
  'host' => 'qy.me',
  'connection' => 'keep-alive',
  'upgrade-insecure-requests' => '1',
  'user-agent' => 'Mozilla/5.0 (Windows NT 10.0; Win64; x64) AppleWebKit/537.36 (KHTML, like Gecko) Chrome/67.0.3396.99 Safari/537.36',
  'dnt' => '1',
  'accept' => 'text/html,application/xhtml+xml,application/xml;q=0.9,image/webp,image/apng,*/*;q=0.8',
  'accept-encoding' => 'gzip, deflate',
  'accept-language' => 'zh-CN,zh;q=0.9,en-AS;q=0.8,en-US;q=0.7,en-AU;q=0.6,en-XA;q=0.5,en;q=0.4',
)
[ info ] [ PARAM ] array (
)
[ info ] [ DB ] INIT mysql
[ info ] [ VIEW ] I:\Project\WebServer\www\project\Enterprise\application\index\view\index\index.html [ array (
  0 => 'webInfo',
  1 => 'contact',
  2 => 'link',
  3 => 'GoodsClassLists',
  4 => 'NewsClassLists',
  5 => 'CasesClassLists',
  6 => 'NewsInfos',
  7 => 'CooperateLists',
  8 => 'ScopeLists',
  9 => 'AboutLists',
  10 => 'GoodsInfoLists',
  11 => 'CaseInfoLists',
) ]
[ sql ] [ DB ] CONNECT:[ UseTime:0.000952s ] mysql:host=127.0.0.1;dbname=qy;charset=utf8
[ sql ] [ SQL ] SHOW COLUMNS FROM `qy_webinfo` [ RunTime:0.002220s ]
[ sql ] [ SQL ] SELECT * FROM `qy_webinfo` WHERE  `id` = 1 LIMIT 1 [ RunTime:0.000779s ]
[ sql ] [ SQL ] SHOW COLUMNS FROM `qy_contact` [ RunTime:0.001500s ]
[ sql ] [ SQL ] SELECT * FROM `qy_contact` WHERE  `id` = 1 LIMIT 1 [ RunTime:0.001422s ]
[ sql ] [ SQL ] SHOW COLUMNS FROM `qy_link` [ RunTime:0.001444s ]
[ sql ] [ SQL ] SELECT * FROM `qy_link` [ RunTime:0.001070s ]
[ sql ] [ SQL ] SHOW COLUMNS FROM `qy_goodsclass` [ RunTime:0.001483s ]
[ sql ] [ SQL ] SELECT * FROM `qy_goodsclass` [ RunTime:0.000976s ]
[ sql ] [ SQL ] SHOW COLUMNS FROM `qy_newsclass` [ RunTime:0.001404s ]
[ sql ] [ SQL ] SELECT * FROM `qy_newsclass` [ RunTime:0.001016s ]
[ sql ] [ SQL ] SHOW COLUMNS FROM `qy_caseclass` [ RunTime:0.001370s ]
[ sql ] [ SQL ] SELECT * FROM `qy_caseclass` [ RunTime:0.000967s ]
[ sql ] [ SQL ] SHOW COLUMNS FROM `qy_newsinfo` [ RunTime:0.001331s ]
[ sql ] [ SQL ] SELECT * FROM `qy_newsinfo` [ RunTime:0.001003s ]
[ sql ] [ SQL ] SHOW COLUMNS FROM `qy_cooperate` [ RunTime:0.001389s ]
[ sql ] [ SQL ] SELECT * FROM `qy_cooperate` [ RunTime:0.000963s ]
[ sql ] [ SQL ] SHOW COLUMNS FROM `qy_scope` [ RunTime:0.001198s ]
[ sql ] [ SQL ] SELECT * FROM `qy_scope` [ RunTime:0.000295s ]
[ sql ] [ SQL ] SHOW COLUMNS FROM `qy_about` [ RunTime:0.001331s ]
[ sql ] [ SQL ] SELECT * FROM `qy_about` [ RunTime:0.000377s ]
[ sql ] [ SQL ] SHOW COLUMNS FROM `qy_goodsinfo` [ RunTime:0.001321s ]
[ sql ] [ SQL ] SELECT * FROM `qy_goodsinfo` [ RunTime:0.001062s ]
[ sql ] [ SQL ] SHOW COLUMNS FROM `qy_caseinfo` [ RunTime:0.001369s ]
[ sql ] [ SQL ] SELECT COUNT(*) AS tp_count FROM `qy_caseinfo` LIMIT 1 [ RunTime:0.000393s ]
[ sql ] [ SQL ] SELECT * FROM `qy_caseinfo` ORDER BY `create_time` DESC LIMIT 0,8 [ RunTime:0.000444s ]
---------------------------------------------------------------
[ 2018-07-22T14:57:16+08:00 ] 127.0.0.1 GET /static/index/images/default/1.jpg
[ info ] qy.me/static/index/images/default/1.jpg [运行时间：0.033607s][吞吐率：29.76req/s] [内存消耗：1,271.87kb] [文件加载：55]
[ info ] [ LANG ] I:\Project\WebServer\www\project\Enterprise\thinkphp\lang\zh-cn.php
---------------------------------------------------------------
[ 2018-07-22T14:57:16+08:00 ] 127.0.0.1 GET /static/index/images/default/2.jpg
[ info ] qy.me/static/index/images/default/2.jpg [运行时间：0.028137s][吞吐率：35.54req/s] [内存消耗：1,271.87kb] [文件加载：55]
[ info ] [ LANG ] I:\Project\WebServer\www\project\Enterprise\thinkphp\lang\zh-cn.php
---------------------------------------------------------------
[ 2018-07-22T14:57:16+08:00 ] 127.0.0.1 GET /static/index/images/default/3.jpg
[ info ] qy.me/static/index/images/default/3.jpg [运行时间：0.032296s][吞吐率：30.96req/s] [内存消耗：1,271.87kb] [文件加载：55]
[ info ] [ LANG ] I:\Project\WebServer\www\project\Enterprise\thinkphp\lang\zh-cn.php
---------------------------------------------------------------
[ 2018-07-22T14:57:26+08:00 ] 127.0.0.1 GET /index/product/index.html
[ info ] qy.me/index/product/index.html [运行时间：0.118642s][吞吐率：8.43req/s] [内存消耗：3,312.40kb] [文件加载：88]
[ info ] [ LANG ] I:\Project\WebServer\www\project\Enterprise\thinkphp\lang\zh-cn.php
[ info ] [ ROUTE ] array (
)
[ info ] [ HEADER ] array (
  'host' => 'qy.me',
  'connection' => 'keep-alive',
  'upgrade-insecure-requests' => '1',
  'dnt' => '1',
  'user-agent' => 'Mozilla/5.0 (Windows NT 10.0; Win64; x64) AppleWebKit/537.36 (KHTML, like Gecko) Chrome/67.0.3396.99 Safari/537.36',
  'accept' => 'text/html,application/xhtml+xml,application/xml;q=0.9,image/webp,image/apng,*/*;q=0.8',
  'referer' => 'http://qy.me/',
  'accept-encoding' => 'gzip, deflate',
  'accept-language' => 'zh-CN,zh;q=0.9,en-AS;q=0.8,en-US;q=0.7,en-AU;q=0.6,en-XA;q=0.5,en;q=0.4',
  'cookie' => 'thinkphp_show_page_trace=0|0; Hm_lvt_5a0192f8207da980c77f112b59310c12=1532242638; Hm_lpvt_5a0192f8207da980c77f112b59310c12=1532242638',
)
[ info ] [ PARAM ] array (
)
[ info ] [ DB ] INIT mysql
[ info ] [ VIEW ] I:\Project\WebServer\www\project\Enterprise\application\index\view\product\index.html [ array (
  0 => 'webInfo',
  1 => 'contact',
  2 => 'link',
  3 => 'GoodsClassLists',
  4 => 'NewsClassLists',
  5 => 'CasesClassLists',
  6 => 'NewsInfos',
) ]
[ sql ] [ DB ] CONNECT:[ UseTime:0.001211s ] mysql:host=127.0.0.1;dbname=qy;charset=utf8
[ sql ] [ SQL ] SHOW COLUMNS FROM `qy_webinfo` [ RunTime:0.001572s ]
[ sql ] [ SQL ] SELECT * FROM `qy_webinfo` WHERE  `id` = 1 LIMIT 1 [ RunTime:0.000439s ]
[ sql ] [ SQL ] SHOW COLUMNS FROM `qy_contact` [ RunTime:0.001221s ]
[ sql ] [ SQL ] SELECT * FROM `qy_contact` WHERE  `id` = 1 LIMIT 1 [ RunTime:0.000435s ]
[ sql ] [ SQL ] SHOW COLUMNS FROM `qy_link` [ RunTime:0.001467s ]
[ sql ] [ SQL ] SELECT * FROM `qy_link` [ RunTime:0.000333s ]
[ sql ] [ SQL ] SHOW COLUMNS FROM `qy_goodsclass` [ RunTime:0.001666s ]
[ sql ] [ SQL ] SELECT * FROM `qy_goodsclass` [ RunTime:0.000328s ]
[ sql ] [ SQL ] SHOW COLUMNS FROM `qy_newsclass` [ RunTime:0.001183s ]
[ sql ] [ SQL ] SELECT * FROM `qy_newsclass` [ RunTime:0.000318s ]
[ sql ] [ SQL ] SHOW COLUMNS FROM `qy_caseclass` [ RunTime:0.001113s ]
[ sql ] [ SQL ] SELECT * FROM `qy_caseclass` [ RunTime:0.000342s ]
[ sql ] [ SQL ] SHOW COLUMNS FROM `qy_newsinfo` [ RunTime:0.001090s ]
[ sql ] [ SQL ] SELECT * FROM `qy_newsinfo` [ RunTime:0.000323s ]
---------------------------------------------------------------
[ 2018-07-22T14:57:26+08:00 ] 127.0.0.1 GET /static/index/images/default/1.jpg
[ info ] qy.me/static/index/images/default/1.jpg [运行时间：0.030248s][吞吐率：33.06req/s] [内存消耗：1,272.39kb] [文件加载：55]
[ info ] [ LANG ] I:\Project\WebServer\www\project\Enterprise\thinkphp\lang\zh-cn.php
---------------------------------------------------------------
[ 2018-07-22T14:57:26+08:00 ] 127.0.0.1 GET /static/index/images/default/2.jpg
[ info ] qy.me/static/index/images/default/2.jpg [运行时间：0.048981s][吞吐率：20.42req/s] [内存消耗：1,272.39kb] [文件加载：55]
[ info ] [ LANG ] I:\Project\WebServer\www\project\Enterprise\thinkphp\lang\zh-cn.php
---------------------------------------------------------------
[ 2018-07-22T14:57:26+08:00 ] 127.0.0.1 GET /static/index/images/default/3.jpg
[ info ] qy.me/static/index/images/default/3.jpg [运行时间：0.054041s][吞吐率：18.50req/s] [内存消耗：1,272.39kb] [文件加载：55]
[ info ] [ LANG ] I:\Project\WebServer\www\project\Enterprise\thinkphp\lang\zh-cn.php
---------------------------------------------------------------
[ 2018-07-22T14:57:27+08:00 ] 127.0.0.1 GET /index/news/index.html
[ info ] qy.me/index/news/index.html [运行时间：0.074991s][吞吐率：13.33req/s] [内存消耗：3,306.45kb] [文件加载：88]
[ info ] [ LANG ] I:\Project\WebServer\www\project\Enterprise\thinkphp\lang\zh-cn.php
[ info ] [ ROUTE ] array (
)
[ info ] [ HEADER ] array (
  'host' => 'qy.me',
  'connection' => 'keep-alive',
  'upgrade-insecure-requests' => '1',
  'dnt' => '1',
  'user-agent' => 'Mozilla/5.0 (Windows NT 10.0; Win64; x64) AppleWebKit/537.36 (KHTML, like Gecko) Chrome/67.0.3396.99 Safari/537.36',
  'accept' => 'text/html,application/xhtml+xml,application/xml;q=0.9,image/webp,image/apng,*/*;q=0.8',
  'referer' => 'http://qy.me/index/product/index.html',
  'accept-encoding' => 'gzip, deflate',
  'accept-language' => 'zh-CN,zh;q=0.9,en-AS;q=0.8,en-US;q=0.7,en-AU;q=0.6,en-XA;q=0.5,en;q=0.4',
  'cookie' => 'thinkphp_show_page_trace=0|0; Hm_lvt_5a0192f8207da980c77f112b59310c12=1532242638; Hm_lpvt_5a0192f8207da980c77f112b59310c12=1532242647',
)
[ info ] [ PARAM ] array (
)
[ info ] [ DB ] INIT mysql
[ info ] [ VIEW ] I:\Project\WebServer\www\project\Enterprise\application\index\view\news\index.html [ array (
  0 => 'webInfo',
  1 => 'contact',
  2 => 'link',
  3 => 'GoodsClassLists',
  4 => 'NewsClassLists',
  5 => 'CasesClassLists',
  6 => 'NewsInfos',
) ]
[ sql ] [ DB ] CONNECT:[ UseTime:0.010532s ] mysql:host=127.0.0.1;dbname=qy;charset=utf8
[ sql ] [ SQL ] SHOW COLUMNS FROM `qy_webinfo` [ RunTime:0.001385s ]
[ sql ] [ SQL ] SELECT * FROM `qy_webinfo` WHERE  `id` = 1 LIMIT 1 [ RunTime:0.000439s ]
[ sql ] [ SQL ] SHOW COLUMNS FROM `qy_contact` [ RunTime:0.001135s ]
[ sql ] [ SQL ] SELECT * FROM `qy_contact` WHERE  `id` = 1 LIMIT 1 [ RunTime:0.000482s ]
[ sql ] [ SQL ] SHOW COLUMNS FROM `qy_link` [ RunTime:0.001694s ]
[ sql ] [ SQL ] SELECT * FROM `qy_link` [ RunTime:0.000740s ]
[ sql ] [ SQL ] SHOW COLUMNS FROM `qy_goodsclass` [ RunTime:0.001838s ]
[ sql ] [ SQL ] SELECT * FROM `qy_goodsclass` [ RunTime:0.000307s ]
[ sql ] [ SQL ] SHOW COLUMNS FROM `qy_newsclass` [ RunTime:0.001118s ]
[ sql ] [ SQL ] SELECT * FROM `qy_newsclass` [ RunTime:0.000305s ]
[ sql ] [ SQL ] SHOW COLUMNS FROM `qy_caseclass` [ RunTime:0.001121s ]
[ sql ] [ SQL ] SELECT * FROM `qy_caseclass` [ RunTime:0.000356s ]
[ sql ] [ SQL ] SHOW COLUMNS FROM `qy_newsinfo` [ RunTime:0.001123s ]
[ sql ] [ SQL ] SELECT * FROM `qy_newsinfo` [ RunTime:0.000398s ]
---------------------------------------------------------------
[ 2018-07-22T14:57:27+08:00 ] 127.0.0.1 GET /static/index/images/default/1.jpg
[ info ] qy.me/static/index/images/default/1.jpg [运行时间：0.030385s][吞吐率：32.91req/s] [内存消耗：1,272.39kb] [文件加载：55]
[ info ] [ LANG ] I:\Project\WebServer\www\project\Enterprise\thinkphp\lang\zh-cn.php
---------------------------------------------------------------
[ 2018-07-22T14:57:27+08:00 ] 127.0.0.1 GET /static/index/images/default/2.jpg
[ info ] qy.me/static/index/images/default/2.jpg [运行时间：0.032063s][吞吐率：31.19req/s] [内存消耗：1,272.39kb] [文件加载：55]
[ info ] [ LANG ] I:\Project\WebServer\www\project\Enterprise\thinkphp\lang\zh-cn.php
---------------------------------------------------------------
[ 2018-07-22T14:57:27+08:00 ] 127.0.0.1 GET /static/index/images/default/3.jpg
[ info ] qy.me/static/index/images/default/3.jpg [运行时间：0.022175s][吞吐率：45.10req/s] [内存消耗：1,272.39kb] [文件加载：55]
[ info ] [ LANG ] I:\Project\WebServer\www\project\Enterprise\thinkphp\lang\zh-cn.php
---------------------------------------------------------------
[ 2018-07-22T14:57:29+08:00 ] 127.0.0.1 GET /index/cases/index.html
[ info ] qy.me/index/cases/index.html [运行时间：0.113269s][吞吐率：8.83req/s] [内存消耗：3,312.41kb] [文件加载：88]
[ info ] [ LANG ] I:\Project\WebServer\www\project\Enterprise\thinkphp\lang\zh-cn.php
[ info ] [ ROUTE ] array (
)
[ info ] [ HEADER ] array (
  'host' => 'qy.me',
  'connection' => 'keep-alive',
  'upgrade-insecure-requests' => '1',
  'dnt' => '1',
  'user-agent' => 'Mozilla/5.0 (Windows NT 10.0; Win64; x64) AppleWebKit/537.36 (KHTML, like Gecko) Chrome/67.0.3396.99 Safari/537.36',
  'accept' => 'text/html,application/xhtml+xml,application/xml;q=0.9,image/webp,image/apng,*/*;q=0.8',
  'referer' => 'http://qy.me/index/news/index.html',
  'accept-encoding' => 'gzip, deflate',
  'accept-language' => 'zh-CN,zh;q=0.9,en-AS;q=0.8,en-US;q=0.7,en-AU;q=0.6,en-XA;q=0.5,en;q=0.4',
  'cookie' => 'thinkphp_show_page_trace=0|0; Hm_lvt_5a0192f8207da980c77f112b59310c12=1532242638; Hm_lpvt_5a0192f8207da980c77f112b59310c12=1532242648',
)
[ info ] [ PARAM ] array (
)
[ info ] [ DB ] INIT mysql
[ info ] [ VIEW ] I:\Project\WebServer\www\project\Enterprise\application\index\view\cases\index.html [ array (
  0 => 'webInfo',
  1 => 'contact',
  2 => 'link',
  3 => 'GoodsClassLists',
  4 => 'NewsClassLists',
  5 => 'CasesClassLists',
  6 => 'NewsInfos',
) ]
[ sql ] [ DB ] CONNECT:[ UseTime:0.010992s ] mysql:host=127.0.0.1;dbname=qy;charset=utf8
[ sql ] [ SQL ] SHOW COLUMNS FROM `qy_webinfo` [ RunTime:0.001777s ]
[ sql ] [ SQL ] SELECT * FROM `qy_webinfo` WHERE  `id` = 1 LIMIT 1 [ RunTime:0.000916s ]
[ sql ] [ SQL ] SHOW COLUMNS FROM `qy_contact` [ RunTime:0.001204s ]
[ sql ] [ SQL ] SELECT * FROM `qy_contact` WHERE  `id` = 1 LIMIT 1 [ RunTime:0.000451s ]
[ sql ] [ SQL ] SHOW COLUMNS FROM `qy_link` [ RunTime:0.001086s ]
[ sql ] [ SQL ] SELECT * FROM `qy_link` [ RunTime:0.000360s ]
[ sql ] [ SQL ] SHOW COLUMNS FROM `qy_goodsclass` [ RunTime:0.001391s ]
[ sql ] [ SQL ] SELECT * FROM `qy_goodsclass` [ RunTime:0.000586s ]
[ sql ] [ SQL ] SHOW COLUMNS FROM `qy_newsclass` [ RunTime:0.001042s ]
[ sql ] [ SQL ] SELECT * FROM `qy_newsclass` [ RunTime:0.000226s ]
[ sql ] [ SQL ] SHOW COLUMNS FROM `qy_caseclass` [ RunTime:0.000979s ]
[ sql ] [ SQL ] SELECT * FROM `qy_caseclass` [ RunTime:0.000221s ]
[ sql ] [ SQL ] SHOW COLUMNS FROM `qy_newsinfo` [ RunTime:0.000984s ]
[ sql ] [ SQL ] SELECT * FROM `qy_newsinfo` [ RunTime:0.000316s ]
---------------------------------------------------------------
[ 2018-07-22T14:57:29+08:00 ] 127.0.0.1 GET /static/index/images/default/1.jpg
[ info ] qy.me/static/index/images/default/1.jpg [运行时间：0.029022s][吞吐率：34.46req/s] [内存消耗：1,272.39kb] [文件加载：55]
[ info ] [ LANG ] I:\Project\WebServer\www\project\Enterprise\thinkphp\lang\zh-cn.php
---------------------------------------------------------------
[ 2018-07-22T14:57:29+08:00 ] 127.0.0.1 GET /static/index/images/default/2.jpg
[ info ] qy.me/static/index/images/default/2.jpg [运行时间：0.028664s][吞吐率：34.89req/s] [内存消耗：1,272.39kb] [文件加载：55]
[ info ] [ LANG ] I:\Project\WebServer\www\project\Enterprise\thinkphp\lang\zh-cn.php
---------------------------------------------------------------
[ 2018-07-22T14:57:29+08:00 ] 127.0.0.1 GET /static/index/images/default/3.jpg
[ info ] qy.me/static/index/images/default/3.jpg [运行时间：0.035560s][吞吐率：28.12req/s] [内存消耗：1,272.39kb] [文件加载：55]
[ info ] [ LANG ] I:\Project\WebServer\www\project\Enterprise\thinkphp\lang\zh-cn.php
---------------------------------------------------------------
[ 2018-07-22T14:57:29+08:00 ] 127.0.0.1 GET /static/index/d/file/shocases/vis/2015-12-07/6514caaf145108344c59eab7f0c73f7f.jpg
[ info ] qy.me/static/index/d/file/shocases/vis/2015-12-07/6514caaf145108344c59eab7f0c73f7f.jpg [运行时间：0.040515s][吞吐率：24.68req/s] [内存消耗：1,272.56kb] [文件加载：55]
[ info ] [ LANG ] I:\Project\WebServer\www\project\Enterprise\thinkphp\lang\zh-cn.php
---------------------------------------------------------------
[ 2018-07-22T14:57:29+08:00 ] 127.0.0.1 GET /static/index/d/file/shocases/vis/2015-12-07/8d2038ea899feef75fe0563fa3cbc349.jpg
[ info ] qy.me/static/index/d/file/shocases/vis/2015-12-07/8d2038ea899feef75fe0563fa3cbc349.jpg [运行时间：0.041552s][吞吐率：24.07req/s] [内存消耗：1,272.56kb] [文件加载：55]
[ info ] [ LANG ] I:\Project\WebServer\www\project\Enterprise\thinkphp\lang\zh-cn.php
---------------------------------------------------------------
[ 2018-07-22T14:57:29+08:00 ] 127.0.0.1 GET /static/index/d/file/shocases/ais/2015-12-07/cf0fb9ecedaa82a496b69f34d36cc4ba.jpg
[ info ] qy.me/static/index/d/file/shocases/ais/2015-12-07/cf0fb9ecedaa82a496b69f34d36cc4ba.jpg [运行时间：0.043642s][吞吐率：22.91req/s] [内存消耗：1,272.56kb] [文件加载：55]
[ info ] [ LANG ] I:\Project\WebServer\www\project\Enterprise\thinkphp\lang\zh-cn.php
---------------------------------------------------------------
[ 2018-07-22T14:57:29+08:00 ] 127.0.0.1 GET /static/index/d/file/shocases/add/2015-12-07/efa4456a03cb2c21fb1a49923c8290ab.jpg
[ info ] qy.me/static/index/d/file/shocases/add/2015-12-07/efa4456a03cb2c21fb1a49923c8290ab.jpg [运行时间：0.046024s][吞吐率：21.73req/s] [内存消耗：1,272.56kb] [文件加载：55]
[ info ] [ LANG ] I:\Project\WebServer\www\project\Enterprise\thinkphp\lang\zh-cn.php
---------------------------------------------------------------
[ 2018-07-22T14:57:29+08:00 ] 127.0.0.1 GET /static/index/d/file/shocases/vis/2015-12-07/fb908aadd2b7d0023f6fcbc630d76e6f.jpg
[ info ] qy.me/static/index/d/file/shocases/vis/2015-12-07/fb908aadd2b7d0023f6fcbc630d76e6f.jpg [运行时间：0.057344s][吞吐率：17.44req/s] [内存消耗：1,272.56kb] [文件加载：55]
[ info ] [ LANG ] I:\Project\WebServer\www\project\Enterprise\thinkphp\lang\zh-cn.php
---------------------------------------------------------------
[ 2018-07-22T14:57:29+08:00 ] 127.0.0.1 GET /static/index/d/file/shocases/vis/2015-12-07/b9202a65b8c2272b7cd091d0bd1a32f6.jpg
[ info ] qy.me/static/index/d/file/shocases/vis/2015-12-07/b9202a65b8c2272b7cd091d0bd1a32f6.jpg [运行时间：0.030388s][吞吐率：32.91req/s] [内存消耗：1,272.56kb] [文件加载：55]
[ info ] [ LANG ] I:\Project\WebServer\www\project\Enterprise\thinkphp\lang\zh-cn.php
---------------------------------------------------------------
[ 2018-07-22T14:57:30+08:00 ] 127.0.0.1 GET /index/contact/index.html
[ info ] qy.me/index/contact/index.html [运行时间：0.102573s][吞吐率：9.75req/s] [内存消耗：3,290.42kb] [文件加载：88]
[ info ] [ LANG ] I:\Project\WebServer\www\project\Enterprise\thinkphp\lang\zh-cn.php
[ info ] [ ROUTE ] array (
)
[ info ] [ HEADER ] array (
  'host' => 'qy.me',
  'connection' => 'keep-alive',
  'upgrade-insecure-requests' => '1',
  'dnt' => '1',
  'user-agent' => 'Mozilla/5.0 (Windows NT 10.0; Win64; x64) AppleWebKit/537.36 (KHTML, like Gecko) Chrome/67.0.3396.99 Safari/537.36',
  'accept' => 'text/html,application/xhtml+xml,application/xml;q=0.9,image/webp,image/apng,*/*;q=0.8',
  'referer' => 'http://qy.me/index/cases/index.html',
  'accept-encoding' => 'gzip, deflate',
  'accept-language' => 'zh-CN,zh;q=0.9,en-AS;q=0.8,en-US;q=0.7,en-AU;q=0.6,en-XA;q=0.5,en;q=0.4',
  'cookie' => 'thinkphp_show_page_trace=0|0; Hm_lvt_5a0192f8207da980c77f112b59310c12=1532242638; Hm_lpvt_5a0192f8207da980c77f112b59310c12=1532242649',
)
[ info ] [ PARAM ] array (
)
[ info ] [ DB ] INIT mysql
[ info ] [ VIEW ] I:\Project\WebServer\www\project\Enterprise\application\index\view\contact\index.html [ array (
  0 => 'webInfo',
  1 => 'contact',
  2 => 'link',
  3 => 'GoodsClassLists',
  4 => 'NewsClassLists',
  5 => 'CasesClassLists',
  6 => 'NewsInfos',
) ]
[ sql ] [ DB ] CONNECT:[ UseTime:0.001439s ] mysql:host=127.0.0.1;dbname=qy;charset=utf8
[ sql ] [ SQL ] SHOW COLUMNS FROM `qy_webinfo` [ RunTime:0.002166s ]
[ sql ] [ SQL ] SELECT * FROM `qy_webinfo` WHERE  `id` = 1 LIMIT 1 [ RunTime:0.000458s ]
[ sql ] [ SQL ] SHOW COLUMNS FROM `qy_contact` [ RunTime:0.001322s ]
[ sql ] [ SQL ] SELECT * FROM `qy_contact` WHERE  `id` = 1 LIMIT 1 [ RunTime:0.000378s ]
[ sql ] [ SQL ] SHOW COLUMNS FROM `qy_link` [ RunTime:0.001027s ]
[ sql ] [ SQL ] SELECT * FROM `qy_link` [ RunTime:0.000339s ]
[ sql ] [ SQL ] SHOW COLUMNS FROM `qy_goodsclass` [ RunTime:0.001127s ]
[ sql ] [ SQL ] SELECT * FROM `qy_goodsclass` [ RunTime:0.000352s ]
[ sql ] [ SQL ] SHOW COLUMNS FROM `qy_newsclass` [ RunTime:0.001108s ]
[ sql ] [ SQL ] SELECT * FROM `qy_newsclass` [ RunTime:0.000406s ]
[ sql ] [ SQL ] SHOW COLUMNS FROM `qy_caseclass` [ RunTime:0.001139s ]
[ sql ] [ SQL ] SELECT * FROM `qy_caseclass` [ RunTime:0.000295s ]
[ sql ] [ SQL ] SHOW COLUMNS FROM `qy_newsinfo` [ RunTime:0.001302s ]
[ sql ] [ SQL ] SELECT * FROM `qy_newsinfo` [ RunTime:0.000654s ]
---------------------------------------------------------------
[ 2018-07-22T14:57:30+08:00 ] 127.0.0.1 GET /static/index/images/default/1.jpg
[ info ] qy.me/static/index/images/default/1.jpg [运行时间：0.031037s][吞吐率：32.22req/s] [内存消耗：1,272.39kb] [文件加载：55]
[ info ] [ LANG ] I:\Project\WebServer\www\project\Enterprise\thinkphp\lang\zh-cn.php
---------------------------------------------------------------
[ 2018-07-22T14:57:30+08:00 ] 127.0.0.1 GET /static/index/images/default/2.jpg
[ info ] qy.me/static/index/images/default/2.jpg [运行时间：0.031727s][吞吐率：31.52req/s] [内存消耗：1,272.39kb] [文件加载：55]
[ info ] [ LANG ] I:\Project\WebServer\www\project\Enterprise\thinkphp\lang\zh-cn.php
---------------------------------------------------------------
[ 2018-07-22T14:57:30+08:00 ] 127.0.0.1 GET /static/index/images/default/3.jpg
[ info ] qy.me/static/index/images/default/3.jpg [运行时间：0.030888s][吞吐率：32.38req/s] [内存消耗：1,272.39kb] [文件加载：55]
[ info ] [ LANG ] I:\Project\WebServer\www\project\Enterprise\thinkphp\lang\zh-cn.php
---------------------------------------------------------------
[ 2018-07-22T14:57:31+08:00 ] 127.0.0.1 GET /index/about/index.html
[ info ] qy.me/index/about/index.html [运行时间：0.069396s][吞吐率：14.41req/s] [内存消耗：3,296.41kb] [文件加载：88]
[ info ] [ LANG ] I:\Project\WebServer\www\project\Enterprise\thinkphp\lang\zh-cn.php
[ info ] [ ROUTE ] array (
)
[ info ] [ HEADER ] array (
  'host' => 'qy.me',
  'connection' => 'keep-alive',
  'upgrade-insecure-requests' => '1',
  'dnt' => '1',
  'user-agent' => 'Mozilla/5.0 (Windows NT 10.0; Win64; x64) AppleWebKit/537.36 (KHTML, like Gecko) Chrome/67.0.3396.99 Safari/537.36',
  'accept' => 'text/html,application/xhtml+xml,application/xml;q=0.9,image/webp,image/apng,*/*;q=0.8',
  'referer' => 'http://qy.me/index/contact/index.html',
  'accept-encoding' => 'gzip, deflate',
  'accept-language' => 'zh-CN,zh;q=0.9,en-AS;q=0.8,en-US;q=0.7,en-AU;q=0.6,en-XA;q=0.5,en;q=0.4',
  'cookie' => 'thinkphp_show_page_trace=0|0; Hm_lvt_5a0192f8207da980c77f112b59310c12=1532242638; Hm_lpvt_5a0192f8207da980c77f112b59310c12=1532242651',
)
[ info ] [ PARAM ] array (
)
[ info ] [ DB ] INIT mysql
[ info ] [ VIEW ] I:\Project\WebServer\www\project\Enterprise\application\index\view\about\index.html [ array (
  0 => 'webInfo',
  1 => 'contact',
  2 => 'link',
  3 => 'GoodsClassLists',
  4 => 'NewsClassLists',
  5 => 'CasesClassLists',
  6 => 'NewsInfos',
) ]
[ sql ] [ DB ] CONNECT:[ UseTime:0.010979s ] mysql:host=127.0.0.1;dbname=qy;charset=utf8
[ sql ] [ SQL ] SHOW COLUMNS FROM `qy_webinfo` [ RunTime:0.001479s ]
[ sql ] [ SQL ] SELECT * FROM `qy_webinfo` WHERE  `id` = 1 LIMIT 1 [ RunTime:0.000384s ]
[ sql ] [ SQL ] SHOW COLUMNS FROM `qy_contact` [ RunTime:0.001338s ]
[ sql ] [ SQL ] SELECT * FROM `qy_contact` WHERE  `id` = 1 LIMIT 1 [ RunTime:0.000337s ]
[ sql ] [ SQL ] SHOW COLUMNS FROM `qy_link` [ RunTime:0.001199s ]
[ sql ] [ SQL ] SELECT * FROM `qy_link` [ RunTime:0.000247s ]
[ sql ] [ SQL ] SHOW COLUMNS FROM `qy_goodsclass` [ RunTime:0.001179s ]
[ sql ] [ SQL ] SELECT * FROM `qy_goodsclass` [ RunTime:0.000244s ]
[ sql ] [ SQL ] SHOW COLUMNS FROM `qy_newsclass` [ RunTime:0.001562s ]
[ sql ] [ SQL ] SELECT * FROM `qy_newsclass` [ RunTime:0.000297s ]
[ sql ] [ SQL ] SHOW COLUMNS FROM `qy_caseclass` [ RunTime:0.001150s ]
[ sql ] [ SQL ] SELECT * FROM `qy_caseclass` [ RunTime:0.000227s ]
[ sql ] [ SQL ] SHOW COLUMNS FROM `qy_newsinfo` [ RunTime:0.001054s ]
[ sql ] [ SQL ] SELECT * FROM `qy_newsinfo` [ RunTime:0.000276s ]
---------------------------------------------------------------
[ 2018-07-22T14:57:31+08:00 ] 127.0.0.1 GET /static/index/images/default/2.jpg
[ info ] qy.me/static/index/images/default/2.jpg [运行时间：0.031261s][吞吐率：31.99req/s] [内存消耗：1,272.39kb] [文件加载：55]
[ info ] [ LANG ] I:\Project\WebServer\www\project\Enterprise\thinkphp\lang\zh-cn.php
---------------------------------------------------------------
[ 2018-07-22T14:57:31+08:00 ] 127.0.0.1 GET /static/index/images/default/1.jpg
[ info ] qy.me/static/index/images/default/1.jpg [运行时间：0.035823s][吞吐率：27.91req/s] [内存消耗：1,272.39kb] [文件加载：55]
[ info ] [ LANG ] I:\Project\WebServer\www\project\Enterprise\thinkphp\lang\zh-cn.php
---------------------------------------------------------------
[ 2018-07-22T14:57:31+08:00 ] 127.0.0.1 GET /static/index/images/default/3.jpg
[ info ] qy.me/static/index/images/default/3.jpg [运行时间：0.026789s][吞吐率：37.33req/s] [内存消耗：1,272.39kb] [文件加载：55]
[ info ] [ LANG ] I:\Project\WebServer\www\project\Enterprise\thinkphp\lang\zh-cn.php
---------------------------------------------------------------
[ 2018-07-22T14:57:32+08:00 ] 127.0.0.1 GET /index/message/index.html
[ info ] qy.me/index/message/index.html [运行时间：0.068555s][吞吐率：14.59req/s] [内存消耗：3,304.42kb] [文件加载：88]
[ info ] [ LANG ] I:\Project\WebServer\www\project\Enterprise\thinkphp\lang\zh-cn.php
[ info ] [ ROUTE ] array (
)
[ info ] [ HEADER ] array (
  'host' => 'qy.me',
  'connection' => 'keep-alive',
  'upgrade-insecure-requests' => '1',
  'dnt' => '1',
  'user-agent' => 'Mozilla/5.0 (Windows NT 10.0; Win64; x64) AppleWebKit/537.36 (KHTML, like Gecko) Chrome/67.0.3396.99 Safari/537.36',
  'accept' => 'text/html,application/xhtml+xml,application/xml;q=0.9,image/webp,image/apng,*/*;q=0.8',
  'referer' => 'http://qy.me/index/about/index.html',
  'accept-encoding' => 'gzip, deflate',
  'accept-language' => 'zh-CN,zh;q=0.9,en-AS;q=0.8,en-US;q=0.7,en-AU;q=0.6,en-XA;q=0.5,en;q=0.4',
  'cookie' => 'thinkphp_show_page_trace=0|0; Hm_lvt_5a0192f8207da980c77f112b59310c12=1532242638; Hm_lpvt_5a0192f8207da980c77f112b59310c12=1532242652',
)
[ info ] [ PARAM ] array (
)
[ info ] [ DB ] INIT mysql
[ info ] [ VIEW ] I:\Project\WebServer\www\project\Enterprise\application\index\view\message\index.html [ array (
  0 => 'webInfo',
  1 => 'contact',
  2 => 'link',
  3 => 'GoodsClassLists',
  4 => 'NewsClassLists',
  5 => 'CasesClassLists',
  6 => 'NewsInfos',
) ]
[ sql ] [ DB ] CONNECT:[ UseTime:0.010791s ] mysql:host=127.0.0.1;dbname=qy;charset=utf8
[ sql ] [ SQL ] SHOW COLUMNS FROM `qy_webinfo` [ RunTime:0.001273s ]
[ sql ] [ SQL ] SELECT * FROM `qy_webinfo` WHERE  `id` = 1 LIMIT 1 [ RunTime:0.000463s ]
[ sql ] [ SQL ] SHOW COLUMNS FROM `qy_contact` [ RunTime:0.001135s ]
[ sql ] [ SQL ] SELECT * FROM `qy_contact` WHERE  `id` = 1 LIMIT 1 [ RunTime:0.000398s ]
[ sql ] [ SQL ] SHOW COLUMNS FROM `qy_link` [ RunTime:0.001104s ]
[ sql ] [ SQL ] SELECT * FROM `qy_link` [ RunTime:0.000346s ]
[ sql ] [ SQL ] SHOW COLUMNS FROM `qy_goodsclass` [ RunTime:0.001090s ]
[ sql ] [ SQL ] SELECT * FROM `qy_goodsclass` [ RunTime:0.000426s ]
[ sql ] [ SQL ] SHOW COLUMNS FROM `qy_newsclass` [ RunTime:0.001930s ]
[ sql ] [ SQL ] SELECT * FROM `qy_newsclass` [ RunTime:0.000350s ]
[ sql ] [ SQL ] SHOW COLUMNS FROM `qy_caseclass` [ RunTime:0.001209s ]
[ sql ] [ SQL ] SELECT * FROM `qy_caseclass` [ RunTime:0.000303s ]
[ sql ] [ SQL ] SHOW COLUMNS FROM `qy_newsinfo` [ RunTime:0.001224s ]
[ sql ] [ SQL ] SELECT * FROM `qy_newsinfo` [ RunTime:0.000490s ]
---------------------------------------------------------------
[ 2018-07-22T14:57:32+08:00 ] 127.0.0.1 GET /static/index/images/default/2.jpg
[ info ] qy.me/static/index/images/default/2.jpg [运行时间：0.029684s][吞吐率：33.69req/s] [内存消耗：1,272.39kb] [文件加载：55]
[ info ] [ LANG ] I:\Project\WebServer\www\project\Enterprise\thinkphp\lang\zh-cn.php
---------------------------------------------------------------
[ 2018-07-22T14:57:32+08:00 ] 127.0.0.1 GET /static/index/images/default/1.jpg
[ info ] qy.me/static/index/images/default/1.jpg [运行时间：0.031800s][吞吐率：31.45req/s] [内存消耗：1,272.39kb] [文件加载：55]
[ info ] [ LANG ] I:\Project\WebServer\www\project\Enterprise\thinkphp\lang\zh-cn.php
---------------------------------------------------------------
[ 2018-07-22T14:57:32+08:00 ] 127.0.0.1 GET /static/index/images/default/3.jpg
[ info ] qy.me/static/index/images/default/3.jpg [运行时间：0.029054s][吞吐率：34.42req/s] [内存消耗：1,272.39kb] [文件加载：55]
[ info ] [ LANG ] I:\Project\WebServer\www\project\Enterprise\thinkphp\lang\zh-cn.php
---------------------------------------------------------------
[ 2018-07-22T14:57:33+08:00 ] 127.0.0.1 GET /index/service/index.html
[ info ] qy.me/index/service/index.html [运行时间：0.067245s][吞吐率：14.87req/s] [内存消耗：3,308.42kb] [文件加载：88]
[ info ] [ LANG ] I:\Project\WebServer\www\project\Enterprise\thinkphp\lang\zh-cn.php
[ info ] [ ROUTE ] array (
)
[ info ] [ HEADER ] array (
  'host' => 'qy.me',
  'connection' => 'keep-alive',
  'upgrade-insecure-requests' => '1',
  'dnt' => '1',
  'user-agent' => 'Mozilla/5.0 (Windows NT 10.0; Win64; x64) AppleWebKit/537.36 (KHTML, like Gecko) Chrome/67.0.3396.99 Safari/537.36',
  'accept' => 'text/html,application/xhtml+xml,application/xml;q=0.9,image/webp,image/apng,*/*;q=0.8',
  'referer' => 'http://qy.me/index/message/index.html',
  'accept-encoding' => 'gzip, deflate',
  'accept-language' => 'zh-CN,zh;q=0.9,en-AS;q=0.8,en-US;q=0.7,en-AU;q=0.6,en-XA;q=0.5,en;q=0.4',
  'cookie' => 'thinkphp_show_page_trace=0|0; Hm_lvt_5a0192f8207da980c77f112b59310c12=1532242638; Hm_lpvt_5a0192f8207da980c77f112b59310c12=1532242653',
)
[ info ] [ PARAM ] array (
)
[ info ] [ DB ] INIT mysql
[ info ] [ VIEW ] I:\Project\WebServer\www\project\Enterprise\application\index\view\service\index.html [ array (
  0 => 'webInfo',
  1 => 'contact',
  2 => 'link',
  3 => 'GoodsClassLists',
  4 => 'NewsClassLists',
  5 => 'CasesClassLists',
  6 => 'NewsInfos',
) ]
[ sql ] [ DB ] CONNECT:[ UseTime:0.011187s ] mysql:host=127.0.0.1;dbname=qy;charset=utf8
[ sql ] [ SQL ] SHOW COLUMNS FROM `qy_webinfo` [ RunTime:0.001280s ]
[ sql ] [ SQL ] SELECT * FROM `qy_webinfo` WHERE  `id` = 1 LIMIT 1 [ RunTime:0.000459s ]
[ sql ] [ SQL ] SHOW COLUMNS FROM `qy_contact` [ RunTime:0.001281s ]
[ sql ] [ SQL ] SELECT * FROM `qy_contact` WHERE  `id` = 1 LIMIT 1 [ RunTime:0.000433s ]
[ sql ] [ SQL ] SHOW COLUMNS FROM `qy_link` [ RunTime:0.001329s ]
[ sql ] [ SQL ] SELECT * FROM `qy_link` [ RunTime:0.000367s ]
[ sql ] [ SQL ] SHOW COLUMNS FROM `qy_goodsclass` [ RunTime:0.001119s ]
[ sql ] [ SQL ] SELECT * FROM `qy_goodsclass` [ RunTime:0.000350s ]
[ sql ] [ SQL ] SHOW COLUMNS FROM `qy_newsclass` [ RunTime:0.001164s ]
[ sql ] [ SQL ] SELECT * FROM `qy_newsclass` [ RunTime:0.000340s ]
[ sql ] [ SQL ] SHOW COLUMNS FROM `qy_caseclass` [ RunTime:0.001582s ]
[ sql ] [ SQL ] SELECT * FROM `qy_caseclass` [ RunTime:0.000724s ]
[ sql ] [ SQL ] SHOW COLUMNS FROM `qy_newsinfo` [ RunTime:0.001138s ]
[ sql ] [ SQL ] SELECT * FROM `qy_newsinfo` [ RunTime:0.000423s ]
---------------------------------------------------------------
[ 2018-07-22T14:57:33+08:00 ] 127.0.0.1 GET /static/index/images/default/1.jpg
[ info ] qy.me/static/index/images/default/1.jpg [运行时间：0.028031s][吞吐率：35.67req/s] [内存消耗：1,272.39kb] [文件加载：55]
[ info ] [ LANG ] I:\Project\WebServer\www\project\Enterprise\thinkphp\lang\zh-cn.php
---------------------------------------------------------------
[ 2018-07-22T14:57:33+08:00 ] 127.0.0.1 GET /static/index/images/default/2.jpg
[ info ] qy.me/static/index/images/default/2.jpg [运行时间：0.030730s][吞吐率：32.54req/s] [内存消耗：1,272.39kb] [文件加载：55]
[ info ] [ LANG ] I:\Project\WebServer\www\project\Enterprise\thinkphp\lang\zh-cn.php
---------------------------------------------------------------
[ 2018-07-22T14:57:33+08:00 ] 127.0.0.1 GET /static/index/images/default/3.jpg
[ info ] qy.me/static/index/images/default/3.jpg [运行时间：0.029686s][吞吐率：33.69req/s] [内存消耗：1,272.39kb] [文件加载：55]
[ info ] [ LANG ] I:\Project\WebServer\www\project\Enterprise\thinkphp\lang\zh-cn.php
---------------------------------------------------------------
[ 2018-07-22T14:57:34+08:00 ] 127.0.0.1 GET /index/message/index.html
[ info ] qy.me/index/message/index.html [运行时间：0.065083s][吞吐率：15.36req/s] [内存消耗：3,139.16kb] [文件加载：86]
[ info ] [ LANG ] I:\Project\WebServer\www\project\Enterprise\thinkphp\lang\zh-cn.php
[ info ] [ ROUTE ] array (
)
[ info ] [ HEADER ] array (
  'host' => 'qy.me',
  'connection' => 'keep-alive',
  'upgrade-insecure-requests' => '1',
  'dnt' => '1',
  'user-agent' => 'Mozilla/5.0 (Windows NT 10.0; Win64; x64) AppleWebKit/537.36 (KHTML, like Gecko) Chrome/67.0.3396.99 Safari/537.36',
  'accept' => 'text/html,application/xhtml+xml,application/xml;q=0.9,image/webp,image/apng,*/*;q=0.8',
  'referer' => 'http://qy.me/index/service/index.html',
  'accept-encoding' => 'gzip, deflate',
  'accept-language' => 'zh-CN,zh;q=0.9,en-AS;q=0.8,en-US;q=0.7,en-AU;q=0.6,en-XA;q=0.5,en;q=0.4',
  'cookie' => 'thinkphp_show_page_trace=0|0; thinkphp_show_page_trace=0|0; Hm_lvt_5a0192f8207da980c77f112b59310c12=1532242638; Hm_lpvt_5a0192f8207da980c77f112b59310c12=1532242654',
)
[ info ] [ PARAM ] array (
)
[ info ] [ DB ] INIT mysql
[ info ] [ VIEW ] I:\Project\WebServer\www\project\Enterprise\application\index\view\message\index.html [ array (
  0 => 'webInfo',
  1 => 'contact',
  2 => 'link',
  3 => 'GoodsClassLists',
  4 => 'NewsClassLists',
  5 => 'CasesClassLists',
  6 => 'NewsInfos',
) ]
[ sql ] [ DB ] CONNECT:[ UseTime:0.011258s ] mysql:host=127.0.0.1;dbname=qy;charset=utf8
[ sql ] [ SQL ] SHOW COLUMNS FROM `qy_webinfo` [ RunTime:0.001403s ]
[ sql ] [ SQL ] SELECT * FROM `qy_webinfo` WHERE  `id` = 1 LIMIT 1 [ RunTime:0.000401s ]
[ sql ] [ SQL ] SHOW COLUMNS FROM `qy_contact` [ RunTime:0.001412s ]
[ sql ] [ SQL ] SELECT * FROM `qy_contact` WHERE  `id` = 1 LIMIT 1 [ RunTime:0.000355s ]
[ sql ] [ SQL ] SHOW COLUMNS FROM `qy_link` [ RunTime:0.001400s ]
[ sql ] [ SQL ] SELECT * FROM `qy_link` [ RunTime:0.000253s ]
[ sql ] [ SQL ] SHOW COLUMNS FROM `qy_goodsclass` [ RunTime:0.001218s ]
[ sql ] [ SQL ] SELECT * FROM `qy_goodsclass` [ RunTime:0.000488s ]
[ sql ] [ SQL ] SHOW COLUMNS FROM `qy_newsclass` [ RunTime:0.001878s ]
[ sql ] [ SQL ] SELECT * FROM `qy_newsclass` [ RunTime:0.000292s ]
[ sql ] [ SQL ] SHOW COLUMNS FROM `qy_caseclass` [ RunTime:0.001393s ]
[ sql ] [ SQL ] SELECT * FROM `qy_caseclass` [ RunTime:0.000392s ]
[ sql ] [ SQL ] SHOW COLUMNS FROM `qy_newsinfo` [ RunTime:0.001721s ]
[ sql ] [ SQL ] SELECT * FROM `qy_newsinfo` [ RunTime:0.000312s ]
---------------------------------------------------------------
[ 2018-07-22T14:57:34+08:00 ] 127.0.0.1 GET /static/index/images/default/2.jpg
[ info ] qy.me/static/index/images/default/2.jpg [运行时间：0.029551s][吞吐率：33.84req/s] [内存消耗：1,272.39kb] [文件加载：55]
[ info ] [ LANG ] I:\Project\WebServer\www\project\Enterprise\thinkphp\lang\zh-cn.php
---------------------------------------------------------------
[ 2018-07-22T14:57:34+08:00 ] 127.0.0.1 GET /static/index/images/default/1.jpg
[ info ] qy.me/static/index/images/default/1.jpg [运行时间：0.033004s][吞吐率：30.30req/s] [内存消耗：1,272.39kb] [文件加载：55]
[ info ] [ LANG ] I:\Project\WebServer\www\project\Enterprise\thinkphp\lang\zh-cn.php
---------------------------------------------------------------
[ 2018-07-22T14:57:34+08:00 ] 127.0.0.1 GET /static/index/images/default/3.jpg
[ info ] qy.me/static/index/images/default/3.jpg [运行时间：0.035378s][吞吐率：28.27req/s] [内存消耗：1,272.39kb] [文件加载：55]
[ info ] [ LANG ] I:\Project\WebServer\www\project\Enterprise\thinkphp\lang\zh-cn.php
---------------------------------------------------------------
[ 2018-07-22T14:57:35+08:00 ] 127.0.0.1 GET /index/index/index.html
[ info ] qy.me/index/index/index.html [运行时间：0.091631s][吞吐率：10.91req/s] [内存消耗：3,353.64kb] [文件加载：93]
[ info ] [ LANG ] I:\Project\WebServer\www\project\Enterprise\thinkphp\lang\zh-cn.php
[ info ] [ ROUTE ] array (
)
[ info ] [ HEADER ] array (
  'host' => 'qy.me',
  'connection' => 'keep-alive',
  'upgrade-insecure-requests' => '1',
  'dnt' => '1',
  'user-agent' => 'Mozilla/5.0 (Windows NT 10.0; Win64; x64) AppleWebKit/537.36 (KHTML, like Gecko) Chrome/67.0.3396.99 Safari/537.36',
  'accept' => 'text/html,application/xhtml+xml,application/xml;q=0.9,image/webp,image/apng,*/*;q=0.8',
  'referer' => 'http://qy.me/index/message/index.html',
  'accept-encoding' => 'gzip, deflate',
  'accept-language' => 'zh-CN,zh;q=0.9,en-AS;q=0.8,en-US;q=0.7,en-AU;q=0.6,en-XA;q=0.5,en;q=0.4',
  'cookie' => 'thinkphp_show_page_trace=0|0; Hm_lvt_5a0192f8207da980c77f112b59310c12=1532242638; Hm_lpvt_5a0192f8207da980c77f112b59310c12=1532242655',
)
[ info ] [ PARAM ] array (
)
[ info ] [ DB ] INIT mysql
[ info ] [ VIEW ] I:\Project\WebServer\www\project\Enterprise\application\index\view\index\index.html [ array (
  0 => 'webInfo',
  1 => 'contact',
  2 => 'link',
  3 => 'GoodsClassLists',
  4 => 'NewsClassLists',
  5 => 'CasesClassLists',
  6 => 'NewsInfos',
  7 => 'CooperateLists',
  8 => 'ScopeLists',
  9 => 'AboutLists',
  10 => 'GoodsInfoLists',
  11 => 'CaseInfoLists',
) ]
[ sql ] [ DB ] CONNECT:[ UseTime:0.011626s ] mysql:host=127.0.0.1;dbname=qy;charset=utf8
[ sql ] [ SQL ] SHOW COLUMNS FROM `qy_webinfo` [ RunTime:0.001325s ]
[ sql ] [ SQL ] SELECT * FROM `qy_webinfo` WHERE  `id` = 1 LIMIT 1 [ RunTime:0.000479s ]
[ sql ] [ SQL ] SHOW COLUMNS FROM `qy_contact` [ RunTime:0.001284s ]
[ sql ] [ SQL ] SELECT * FROM `qy_contact` WHERE  `id` = 1 LIMIT 1 [ RunTime:0.000396s ]
[ sql ] [ SQL ] SHOW COLUMNS FROM `qy_link` [ RunTime:0.001113s ]
[ sql ] [ SQL ] SELECT * FROM `qy_link` [ RunTime:0.000326s ]
[ sql ] [ SQL ] SHOW COLUMNS FROM `qy_goodsclass` [ RunTime:0.001191s ]
[ sql ] [ SQL ] SELECT * FROM `qy_goodsclass` [ RunTime:0.000304s ]
[ sql ] [ SQL ] SHOW COLUMNS FROM `qy_newsclass` [ RunTime:0.001146s ]
[ sql ] [ SQL ] SELECT * FROM `qy_newsclass` [ RunTime:0.000327s ]
[ sql ] [ SQL ] SHOW COLUMNS FROM `qy_caseclass` [ RunTime:0.001109s ]
[ sql ] [ SQL ] SELECT * FROM `qy_caseclass` [ RunTime:0.000315s ]
[ sql ] [ SQL ] SHOW COLUMNS FROM `qy_newsinfo` [ RunTime:0.001287s ]
[ sql ] [ SQL ] SELECT * FROM `qy_newsinfo` [ RunTime:0.000496s ]
[ sql ] [ SQL ] SHOW COLUMNS FROM `qy_cooperate` [ RunTime:0.001251s ]
[ sql ] [ SQL ] SELECT * FROM `qy_cooperate` [ RunTime:0.000257s ]
[ sql ] [ SQL ] SHOW COLUMNS FROM `qy_scope` [ RunTime:0.001034s ]
[ sql ] [ SQL ] SELECT * FROM `qy_scope` [ RunTime:0.000231s ]
[ sql ] [ SQL ] SHOW COLUMNS FROM `qy_about` [ RunTime:0.001047s ]
[ sql ] [ SQL ] SELECT * FROM `qy_about` [ RunTime:0.000251s ]
[ sql ] [ SQL ] SHOW COLUMNS FROM `qy_goodsinfo` [ RunTime:0.001056s ]
[ sql ] [ SQL ] SELECT * FROM `qy_goodsinfo` [ RunTime:0.000284s ]
[ sql ] [ SQL ] SHOW COLUMNS FROM `qy_caseinfo` [ RunTime:0.001051s ]
[ sql ] [ SQL ] SELECT COUNT(*) AS tp_count FROM `qy_caseinfo` LIMIT 1 [ RunTime:0.000253s ]
[ sql ] [ SQL ] SELECT * FROM `qy_caseinfo` ORDER BY `create_time` DESC LIMIT 0,8 [ RunTime:0.000312s ]
---------------------------------------------------------------
[ 2018-07-22T14:57:35+08:00 ] 127.0.0.1 GET /static/index/images/default/2.jpg
[ info ] qy.me/static/index/images/default/2.jpg [运行时间：0.030735s][吞吐率：32.54req/s] [内存消耗：1,272.39kb] [文件加载：55]
[ info ] [ LANG ] I:\Project\WebServer\www\project\Enterprise\thinkphp\lang\zh-cn.php
---------------------------------------------------------------
[ 2018-07-22T14:57:35+08:00 ] 127.0.0.1 GET /static/index/images/default/1.jpg
[ info ] qy.me/static/index/images/default/1.jpg [运行时间：0.031217s][吞吐率：32.03req/s] [内存消耗：1,272.39kb] [文件加载：55]
[ info ] [ LANG ] I:\Project\WebServer\www\project\Enterprise\thinkphp\lang\zh-cn.php
---------------------------------------------------------------
[ 2018-07-22T14:57:35+08:00 ] 127.0.0.1 GET /static/index/images/default/3.jpg
[ info ] qy.me/static/index/images/default/3.jpg [运行时间：0.030579s][吞吐率：32.70req/s] [内存消耗：1,272.39kb] [文件加载：55]
[ info ] [ LANG ] I:\Project\WebServer\www\project\Enterprise\thinkphp\lang\zh-cn.php
